2026-03-31 14:44:50,736 - ERROR - CRITICAL: Restricted location detected. Cannot create Binance client.
2026-03-31 14:44:50,738 - INFO - Initialized 0 background clients in DEMO (Testnet) mode.
2026-03-31 14:44:50,785 - INFO - Detected Server IP: 35.224.132.190
2026-03-31 14:44:50,820 - ERROR - CRITICAL: Restricted location detected. Cannot create Binance client.
2026-03-31 14:44:50,821 - ERROR - CRITICAL: Market client is unavailable. Skipping market WebSocket initialization.
2026-03-31 14:44:50,824 - WARNING - Werkzeug appears to be used in a production deployment. Consider switching to a production web server instead.
 * Serving Flask app 'app'
 * Debug mode: off
2026-03-31 14:44:50,833 - INFO - [31m[1mWARNING: This is a development server. Do not use it in a production deployment. Use a production WSGI server instead.[0m
 * Running on all addresses (0.0.0.0)
 * Running on http://127.0.0.1:3000
 * Running on http://192.168.0.2:3000
2026-03-31 14:44:50,833 - INFO - [33mPress CTRL+C to quit[0m
2026-03-31 14:44:50,905 - ERROR - CRITICAL: Restricted location detected. Cannot create Binance client.
2026-03-31 14:44:50,988 - ERROR - CRITICAL: Restricted location detected. Cannot create Binance client.
2026-03-31 14:44:51,073 - ERROR - CRITICAL: Restricted location detected. Cannot create Binance client.
2026-03-31 14:44:51,156 - ERROR - CRITICAL: Restricted location detected. Cannot create Binance client.
2026-03-31 14:44:51,158 - WARNING - Warning: Symbol DOGEUSDC not found on Binance. Please check if it is a valid USDC pair.
2026-03-31 14:44:51,158 - WARNING - Warning: Symbol SOLUSDC not found on Binance. Please check if it is a valid USDC pair.
2026-03-31 14:45:01,242 - ERROR - CRITICAL: Restricted location detected. Cannot create Binance client.
2026-03-31 14:45:01,326 - ERROR - CRITICAL: Restricted location detected. Cannot create Binance client.
2026-03-31 14:45:01,412 - ERROR - CRITICAL: Restricted location detected. Cannot create Binance client.
2026-03-31 14:45:01,497 - ERROR - CRITICAL: Restricted location detected. Cannot create Binance client.
2026-03-31 14:45:11,583 - ERROR - CRITICAL: Restricted location detected. Cannot create Binance client.
2026-03-31 14:45:11,665 - ERROR - CRITICAL: Restricted location detected. Cannot create Binance client.
2026-03-31 14:45:11,750 - ERROR - CRITICAL: Restricted location detected. Cannot create Binance client.
2026-03-31 14:45:11,835 - ERROR - CRITICAL: Restricted location detected. Cannot create Binance client.
2026-03-31 14:45:21,918 - ERROR - CRITICAL: Restricted location detected. Cannot create Binance client.
2026-03-31 14:45:22,006 - ERROR - CRITICAL: Restricted location detected. Cannot create Binance client.
2026-03-31 14:45:22,092 - ERROR - CRITICAL: Restricted location detected. Cannot create Binance client.
2026-03-31 14:45:22,174 - ERROR - CRITICAL: Restricted location detected. Cannot create Binance client.
2026-03-31 14:45:32,287 - ERROR - CRITICAL: Restricted location detected. Cannot create Binance client.
2026-03-31 14:45:32,397 - ERROR - CRITICAL: Restricted location detected. Cannot create Binance client.
2026-03-31 14:45:32,508 - ERROR - CRITICAL: Restricted location detected. Cannot create Binance client.
2026-03-31 14:45:32,622 - ERROR - CRITICAL: Restricted location detected. Cannot create Binance client.
2026-03-31 14:45:42,724 - ERROR - CRITICAL: Restricted location detected. Cannot create Binance client.
2026-03-31 14:45:42,808 - ERROR - CRITICAL: Restricted location detected. Cannot create Binance client.
2026-03-31 14:45:42,894 - ERROR - CRITICAL: Restricted location detected. Cannot create Binance client.
2026-03-31 14:45:42,976 - ERROR - CRITICAL: Restricted location detected. Cannot create Binance client.
2026-03-31 14:45:53,060 - ERROR - CRITICAL: Restricted location detected. Cannot create Binance client.
2026-03-31 14:45:53,148 - ERROR - CRITICAL: Restricted location detected. Cannot create Binance client.
2026-03-31 14:45:53,233 - ERROR - CRITICAL: Restricted location detected. Cannot create Binance client.
2026-03-31 14:45:53,316 - ERROR - CRITICAL: Restricted location detected. Cannot create Binance client.
2026-03-31 14:46:03,401 - ERROR - CRITICAL: Restricted location detected. Cannot create Binance client.
2026-03-31 14:46:03,480 - ERROR - CRITICAL: Restricted location detected. Cannot create Binance client.
2026-03-31 14:46:03,566 - ERROR - CRITICAL: Restricted location detected. Cannot create Binance client.
2026-03-31 14:46:03,653 - ERROR - CRITICAL: Restricted location detected. Cannot create Binance client.
2026-03-31 14:46:13,741 - ERROR - CRITICAL: Restricted location detected. Cannot create Binance client.
2026-03-31 14:46:13,830 - ERROR - CRITICAL: Restricted location detected. Cannot create Binance client.
2026-03-31 14:46:13,924 - ERROR - CRITICAL: Restricted location detected. Cannot create Binance client.
2026-03-31 14:46:14,008 - ERROR - CRITICAL: Restricted location detected. Cannot create Binance client.
2026-03-31 14:46:24,096 - ERROR - CRITICAL: Restricted location detected. Cannot create Binance client.
2026-03-31 14:46:24,182 - ERROR - CRITICAL: Restricted location detected. Cannot create Binance client.
2026-03-31 14:46:24,266 - ERROR - CRITICAL: Restricted location detected. Cannot create Binance client.
2026-03-31 14:46:24,352 - ERROR - CRITICAL: Restricted location detected. Cannot create Binance client.
2026-03-31 14:46:34,437 - ERROR - CRITICAL: Restricted location detected. Cannot create Binance client.
2026-03-31 14:46:34,523 - ERROR - CRITICAL: Restricted location detected. Cannot create Binance client.
2026-03-31 14:46:34,609 - ERROR - CRITICAL: Restricted location detected. Cannot create Binance client.
2026-03-31 14:46:34,692 - ERROR - CRITICAL: Restricted location detected. Cannot create Binance client.
2026-03-31 14:46:44,793 - ERROR - CRITICAL: Restricted location detected. Cannot create Binance client.
2026-03-31 14:46:44,878 - ERROR - CRITICAL: Restricted location detected. Cannot create Binance client.
2026-03-31 14:46:44,962 - ERROR - CRITICAL: Restricted location detected. Cannot create Binance client.
2026-03-31 14:46:45,047 - ERROR - CRITICAL: Restricted location detected. Cannot create Binance client.
2026-03-31 14:46:55,133 - ERROR - CRITICAL: Restricted location detected. Cannot create Binance client.
2026-03-31 14:46:55,215 - ERROR - CRITICAL: Restricted location detected. Cannot create Binance client.
2026-03-31 14:46:55,296 - ERROR - CRITICAL: Restricted location detected. Cannot create Binance client.
2026-03-31 14:46:55,378 - ERROR - CRITICAL: Restricted location detected. Cannot create Binance client.
2026-03-31 14:47:05,464 - ERROR - CRITICAL: Restricted location detected. Cannot create Binance client.
2026-03-31 14:47:05,549 - ERROR - CRITICAL: Restricted location detected. Cannot create Binance client.
2026-03-31 14:47:05,634 - ERROR - CRITICAL: Restricted location detected. Cannot create Binance client.
2026-03-31 14:47:05,716 - ERROR - CRITICAL: Restricted location detected. Cannot create Binance client.
2026-03-31 14:47:15,798 - ERROR - CRITICAL: Restricted location detected. Cannot create Binance client.
2026-03-31 14:47:15,880 - ERROR - CRITICAL: Restricted location detected. Cannot create Binance client.
2026-03-31 14:47:15,960 - ERROR - CRITICAL: Restricted location detected. Cannot create Binance client.
2026-03-31 14:47:16,042 - ERROR - CRITICAL: Restricted location detected. Cannot create Binance client.
2026-03-31 14:47:26,127 - ERROR - CRITICAL: Restricted location detected. Cannot create Binance client.
2026-03-31 14:47:26,209 - ERROR - CRITICAL: Restricted location detected. Cannot create Binance client.
2026-03-31 14:47:26,293 - ERROR - CRITICAL: Restricted location detected. Cannot create Binance client.
2026-03-31 14:47:26,380 - ERROR - CRITICAL: Restricted location detected. Cannot create Binance client.
2026-03-31 14:47:36,477 - ERROR - CRITICAL: Restricted location detected. Cannot create Binance client.
2026-03-31 14:47:36,578 - ERROR - CRITICAL: Restricted location detected. Cannot create Binance client.
2026-03-31 14:47:36,680 - ERROR - CRITICAL: Restricted location detected. Cannot create Binance client.
2026-03-31 14:47:36,793 - ERROR - CRITICAL: Restricted location detected. Cannot create Binance client.
2026-03-31 14:47:46,913 - ERROR - CRITICAL: Restricted location detected. Cannot create Binance client.
2026-03-31 14:47:46,998 - ERROR - CRITICAL: Restricted location detected. Cannot create Binance client.
2026-03-31 14:47:47,081 - ERROR - CRITICAL: Restricted location detected. Cannot create Binance client.
2026-03-31 14:47:47,164 - ERROR - CRITICAL: Restricted location detected. Cannot create Binance client.
2026-03-31 14:47:57,263 - ERROR - CRITICAL: Restricted location detected. Cannot create Binance client.
2026-03-31 14:47:57,349 - ERROR - CRITICAL: Restricted location detected. Cannot create Binance client.
2026-03-31 14:47:57,436 - ERROR - CRITICAL: Restricted location detected. Cannot create Binance client.
2026-03-31 14:47:57,529 - ERROR - CRITICAL: Restricted location detected. Cannot create Binance client.
2026-03-31 14:48:07,616 - ERROR - CRITICAL: Restricted location detected. Cannot create Binance client.
2026-03-31 14:48:07,701 - ERROR - CRITICAL: Restricted location detected. Cannot create Binance client.
2026-03-31 14:48:07,786 - ERROR - CRITICAL: Restricted location detected. Cannot create Binance client.
2026-03-31 14:48:07,871 - ERROR - CRITICAL: Restricted location detected. Cannot create Binance client.
