2026-03-31 06:46:56,803 - INFO - Detected Server IP: 34.46.237.233
2026-03-31 06:46:56,842 - ERROR - CRITICAL: Restricted location detected. Cannot create Binance client.
2026-03-31 06:46:56,844 - ERROR - CRITICAL: Market client is unavailable. Skipping market WebSocket initialization.
2026-03-31 06:46:56,846 - WARNING - Werkzeug appears to be used in a production deployment. Consider switching to a production web server instead.
2026-03-31 06:50:50,675 - INFO - Detected Server IP: 34.46.237.233
2026-03-31 06:50:50,742 - ERROR - CRITICAL: Restricted location detected. Cannot create Binance client.
2026-03-31 06:50:50,744 - ERROR - CRITICAL: Market client is unavailable. Skipping market WebSocket initialization.
2026-03-31 06:50:50,746 - WARNING - Werkzeug appears to be used in a production deployment. Consider switching to a production web server instead.
2026-03-31 06:50:50,752 - INFO - [31m[1mWARNING: This is a development server. Do not use it in a production deployment. Use a production WSGI server instead.[0m
 * Running on all addresses (0.0.0.0)
 * Running on http://127.0.0.1:3000
 * Running on http://192.168.0.2:3000
2026-03-31 06:50:50,752 - INFO - [33mPress CTRL+C to quit[0m
2026-03-31 06:50:50,826 - ERROR - CRITICAL: Restricted location detected. Cannot create Binance client.
2026-03-31 06:50:50,907 - ERROR - CRITICAL: Restricted location detected. Cannot create Binance client.
2026-03-31 06:50:50,992 - ERROR - CRITICAL: Restricted location detected. Cannot create Binance client.
2026-03-31 06:50:51,075 - ERROR - CRITICAL: Restricted location detected. Cannot create Binance client.
2026-03-31 06:50:51,077 - WARNING - Warning: Symbol DOGEUSDC not found on Binance. Please check if it is a valid USDC pair.
2026-03-31 06:50:51,077 - WARNING - Warning: Symbol SOLUSDC not found on Binance. Please check if it is a valid USDC pair.
2026-03-31 06:51:01,162 - ERROR - CRITICAL: Restricted location detected. Cannot create Binance client.
2026-03-31 06:51:01,245 - ERROR - CRITICAL: Restricted location detected. Cannot create Binance client.
2026-03-31 06:51:01,326 - ERROR - CRITICAL: Restricted location detected. Cannot create Binance client.
2026-03-31 06:51:01,411 - ERROR - CRITICAL: Restricted location detected. Cannot create Binance client.
2026-03-31 06:51:04,970 - INFO - 127.0.0.1 - - [31/Mar/2026 06:51:04] "GET / HTTP/1.1" 200 -
2026-03-31 06:51:04,995 - INFO - 127.0.0.1 - - [31/Mar/2026 06:51:04] "GET /static/css/style.css HTTP/1.1" 200 -
2026-03-31 06:51:04,998 - INFO - 127.0.0.1 - - [31/Mar/2026 06:51:04] "GET /static/js/app.js HTTP/1.1" 200 -
2026-03-31 06:51:05,179 - INFO - 127.0.0.1 - - [31/Mar/2026 06:51:05] "GET /socket.io/?EIO=4&transport=polling&t=Pr2gG1L HTTP/1.1" 200 -
2026-03-31 06:51:05,194 - INFO - 127.0.0.1 - - [31/Mar/2026 06:51:05] "POST /socket.io/?EIO=4&transport=polling&t=Pr2gG1a&sid=hMrs1EYpNh6cu1tLAAAA HTTP/1.1" 200 -
2026-03-31 06:51:05,198 - INFO - 127.0.0.1 - - [31/Mar/2026 06:51:05] "GET /socket.io/?EIO=4&transport=polling&t=Pr2gG1c&sid=hMrs1EYpNh6cu1tLAAAA HTTP/1.1" 200 -
2026-03-31 06:51:05,202 - INFO - 127.0.0.1 - - [31/Mar/2026 06:51:05] "GET /socket.io/?EIO=4&transport=polling&t=Pr2gG1m&sid=hMrs1EYpNh6cu1tLAAAA HTTP/1.1" 200 -
2026-03-31 06:51:05,207 - INFO - 127.0.0.1 - - [31/Mar/2026 06:51:05] "POST /socket.io/?EIO=4&transport=polling&t=Pr2gG1o&sid=hMrs1EYpNh6cu1tLAAAA HTTP/1.1" 200 -
2026-03-31 06:51:11,500 - ERROR - CRITICAL: Restricted location detected. Cannot create Binance client.
2026-03-31 06:51:11,585 - ERROR - CRITICAL: Restricted location detected. Cannot create Binance client.
2026-03-31 06:51:11,669 - ERROR - CRITICAL: Restricted location detected. Cannot create Binance client.
2026-03-31 06:51:11,751 - ERROR - CRITICAL: Restricted location detected. Cannot create Binance client.
2026-03-31 06:51:21,835 - ERROR - CRITICAL: Restricted location detected. Cannot create Binance client.
2026-03-31 06:51:21,921 - ERROR - CRITICAL: Restricted location detected. Cannot create Binance client.
2026-03-31 06:51:22,004 - ERROR - CRITICAL: Restricted location detected. Cannot create Binance client.
2026-03-31 06:51:22,087 - ERROR - CRITICAL: Restricted location detected. Cannot create Binance client.
2026-03-31 06:51:32,171 - ERROR - CRITICAL: Restricted location detected. Cannot create Binance client.
2026-03-31 06:51:32,253 - ERROR - CRITICAL: Restricted location detected. Cannot create Binance client.
2026-03-31 06:51:32,336 - ERROR - CRITICAL: Restricted location detected. Cannot create Binance client.
2026-03-31 06:51:32,418 - ERROR - CRITICAL: Restricted location detected. Cannot create Binance client.
2026-03-31 06:51:35,289 - INFO - 127.0.0.1 - - [31/Mar/2026 06:51:35] "GET /socket.io/?EIO=4&transport=websocket&sid=hMrs1EYpNh6cu1tLAAAA HTTP/1.1" 200 -
2026-03-31 06:51:42,502 - ERROR - CRITICAL: Restricted location detected. Cannot create Binance client.
2026-03-31 06:51:42,585 - ERROR - CRITICAL: Restricted location detected. Cannot create Binance client.
2026-03-31 06:51:42,670 - ERROR - CRITICAL: Restricted location detected. Cannot create Binance client.
2026-03-31 06:51:42,754 - ERROR - CRITICAL: Restricted location detected. Cannot create Binance client.
2026-03-31 06:51:52,858 - ERROR - CRITICAL: Restricted location detected. Cannot create Binance client.
2026-03-31 06:51:52,940 - ERROR - CRITICAL: Restricted location detected. Cannot create Binance client.
2026-03-31 06:51:53,025 - ERROR - CRITICAL: Restricted location detected. Cannot create Binance client.
2026-03-31 06:51:53,106 - ERROR - CRITICAL: Restricted location detected. Cannot create Binance client.
2026-03-31 06:52:03,191 - ERROR - CRITICAL: Restricted location detected. Cannot create Binance client.
2026-03-31 06:52:03,276 - ERROR - CRITICAL: Restricted location detected. Cannot create Binance client.
2026-03-31 06:52:03,361 - ERROR - CRITICAL: Restricted location detected. Cannot create Binance client.
2026-03-31 06:52:03,445 - ERROR - CRITICAL: Restricted location detected. Cannot create Binance client.
2026-03-31 06:52:13,529 - ERROR - CRITICAL: Restricted location detected. Cannot create Binance client.
2026-03-31 06:52:13,612 - ERROR - CRITICAL: Restricted location detected. Cannot create Binance client.
2026-03-31 06:52:13,696 - ERROR - CRITICAL: Restricted location detected. Cannot create Binance client.
2026-03-31 06:52:13,782 - ERROR - CRITICAL: Restricted location detected. Cannot create Binance client.
2026-03-31 06:52:23,866 - ERROR - CRITICAL: Restricted location detected. Cannot create Binance client.
2026-03-31 06:52:23,949 - ERROR - CRITICAL: Restricted location detected. Cannot create Binance client.
2026-03-31 06:52:24,032 - ERROR - CRITICAL: Restricted location detected. Cannot create Binance client.
2026-03-31 06:52:24,112 - ERROR - CRITICAL: Restricted location detected. Cannot create Binance client.
2026-03-31 06:52:34,196 - ERROR - CRITICAL: Restricted location detected. Cannot create Binance client.
2026-03-31 06:52:34,280 - ERROR - CRITICAL: Restricted location detected. Cannot create Binance client.
2026-03-31 06:52:34,362 - ERROR - CRITICAL: Restricted location detected. Cannot create Binance client.
2026-03-31 06:52:34,444 - ERROR - CRITICAL: Restricted location detected. Cannot create Binance client.
2026-03-31 06:52:44,531 - ERROR - CRITICAL: Restricted location detected. Cannot create Binance client.
2026-03-31 06:52:44,615 - ERROR - CRITICAL: Restricted location detected. Cannot create Binance client.
2026-03-31 06:52:44,701 - ERROR - CRITICAL: Restricted location detected. Cannot create Binance client.
2026-03-31 06:52:44,785 - ERROR - CRITICAL: Restricted location detected. Cannot create Binance client.
2026-03-31 06:52:54,886 - ERROR - CRITICAL: Restricted location detected. Cannot create Binance client.
2026-03-31 06:52:54,970 - ERROR - CRITICAL: Restricted location detected. Cannot create Binance client.
2026-03-31 06:52:55,054 - ERROR - CRITICAL: Restricted location detected. Cannot create Binance client.
2026-03-31 06:52:55,135 - ERROR - CRITICAL: Restricted location detected. Cannot create Binance client.
2026-03-31 06:52:56,555 - INFO - 127.0.0.1 - - [31/Mar/2026 06:52:56] "GET / HTTP/1.1" 200 -
2026-03-31 06:52:56,567 - INFO - 127.0.0.1 - - [31/Mar/2026 06:52:56] "GET /static/css/style.css HTTP/1.1" 200 -
2026-03-31 06:52:56,569 - INFO - 127.0.0.1 - - [31/Mar/2026 06:52:56] "GET /static/js/app.js HTTP/1.1" 200 -
2026-03-31 06:52:56,760 - INFO - 127.0.0.1 - - [31/Mar/2026 06:52:56] "GET /socket.io/?EIO=4&transport=polling&t=Pr2ghGo HTTP/1.1" 200 -
2026-03-31 06:52:56,771 - INFO - 127.0.0.1 - - [31/Mar/2026 06:52:56] "POST /socket.io/?EIO=4&transport=polling&t=Pr2ghG-&sid=5Tpv7EYXC64ysQ14AAAC HTTP/1.1" 200 -
2026-03-31 06:52:56,776 - INFO - 127.0.0.1 - - [31/Mar/2026 06:52:56] "GET /socket.io/?EIO=4&transport=polling&t=Pr2ghH0&sid=5Tpv7EYXC64ysQ14AAAC HTTP/1.1" 200 -
2026-03-31 06:52:56,782 - INFO - 127.0.0.1 - - [31/Mar/2026 06:52:56] "GET /socket.io/?EIO=4&transport=polling&t=Pr2ghHC&sid=5Tpv7EYXC64ysQ14AAAC HTTP/1.1" 200 -
2026-03-31 06:53:05,218 - ERROR - CRITICAL: Restricted location detected. Cannot create Binance client.
2026-03-31 06:53:05,300 - ERROR - CRITICAL: Restricted location detected. Cannot create Binance client.
2026-03-31 06:53:05,383 - ERROR - CRITICAL: Restricted location detected. Cannot create Binance client.
2026-03-31 06:53:05,466 - ERROR - CRITICAL: Restricted location detected. Cannot create Binance client.
2026-03-31 06:53:07,375 - INFO - 127.0.0.1 - - [31/Mar/2026 06:53:07] "GET /socket.io/?EIO=4&transport=websocket&sid=5Tpv7EYXC64ysQ14AAAC HTTP/1.1" 200 -
2026-03-31 06:53:15,550 - ERROR - CRITICAL: Restricted location detected. Cannot create Binance client.
2026-03-31 06:53:15,632 - ERROR - CRITICAL: Restricted location detected. Cannot create Binance client.
2026-03-31 06:53:15,714 - ERROR - CRITICAL: Restricted location detected. Cannot create Binance client.
2026-03-31 06:53:15,797 - ERROR - CRITICAL: Restricted location detected. Cannot create Binance client.
2026-03-31 06:53:25,908 - ERROR - CRITICAL: Restricted location detected. Cannot create Binance client.
2026-03-31 06:53:26,013 - ERROR - CRITICAL: Restricted location detected. Cannot create Binance client.
2026-03-31 06:53:26,121 - ERROR - CRITICAL: Restricted location detected. Cannot create Binance client.
2026-03-31 06:53:26,220 - ERROR - CRITICAL: Restricted location detected. Cannot create Binance client.
2026-03-31 06:53:36,303 - ERROR - CRITICAL: Restricted location detected. Cannot create Binance client.
2026-03-31 06:53:36,385 - ERROR - CRITICAL: Restricted location detected. Cannot create Binance client.
2026-03-31 06:53:36,468 - ERROR - CRITICAL: Restricted location detected. Cannot create Binance client.
2026-03-31 06:53:36,550 - ERROR - CRITICAL: Restricted location detected. Cannot create Binance client.
2026-03-31 06:53:46,637 - ERROR - CRITICAL: Restricted location detected. Cannot create Binance client.
2026-03-31 06:53:46,720 - ERROR - CRITICAL: Restricted location detected. Cannot create Binance client.
2026-03-31 06:53:46,802 - ERROR - CRITICAL: Restricted location detected. Cannot create Binance client.
2026-03-31 06:53:46,884 - ERROR - CRITICAL: Restricted location detected. Cannot create Binance client.
2026-03-31 06:53:56,987 - ERROR - CRITICAL: Restricted location detected. Cannot create Binance client.
2026-03-31 06:53:57,070 - ERROR - CRITICAL: Restricted location detected. Cannot create Binance client.
2026-03-31 06:53:57,152 - ERROR - CRITICAL: Restricted location detected. Cannot create Binance client.
2026-03-31 06:53:57,237 - ERROR - CRITICAL: Restricted location detected. Cannot create Binance client.
2026-03-31 06:54:07,321 - ERROR - CRITICAL: Restricted location detected. Cannot create Binance client.
2026-03-31 06:54:07,405 - ERROR - CRITICAL: Restricted location detected. Cannot create Binance client.
2026-03-31 06:54:07,486 - ERROR - CRITICAL: Restricted location detected. Cannot create Binance client.
2026-03-31 06:54:07,568 - ERROR - CRITICAL: Restricted location detected. Cannot create Binance client.
2026-03-31 06:54:17,653 - ERROR - CRITICAL: Restricted location detected. Cannot create Binance client.
2026-03-31 06:54:17,735 - ERROR - CRITICAL: Restricted location detected. Cannot create Binance client.
2026-03-31 06:54:17,817 - ERROR - CRITICAL: Restricted location detected. Cannot create Binance client.
2026-03-31 06:54:17,900 - ERROR - CRITICAL: Restricted location detected. Cannot create Binance client.
2026-03-31 06:54:27,984 - ERROR - CRITICAL: Restricted location detected. Cannot create Binance client.
2026-03-31 06:54:28,064 - ERROR - CRITICAL: Restricted location detected. Cannot create Binance client.
2026-03-31 06:54:28,148 - ERROR - CRITICAL: Restricted location detected. Cannot create Binance client.
2026-03-31 06:54:28,231 - ERROR - CRITICAL: Restricted location detected. Cannot create Binance client.
2026-03-31 06:54:38,313 - ERROR - CRITICAL: Restricted location detected. Cannot create Binance client.
2026-03-31 06:54:38,395 - ERROR - CRITICAL: Restricted location detected. Cannot create Binance client.
2026-03-31 06:54:38,477 - ERROR - CRITICAL: Restricted location detected. Cannot create Binance client.
2026-03-31 06:54:38,560 - ERROR - CRITICAL: Restricted location detected. Cannot create Binance client.
2026-03-31 06:54:48,645 - ERROR - CRITICAL: Restricted location detected. Cannot create Binance client.
2026-03-31 06:54:48,728 - ERROR - CRITICAL: Restricted location detected. Cannot create Binance client.
2026-03-31 06:54:48,812 - ERROR - CRITICAL: Restricted location detected. Cannot create Binance client.
2026-03-31 06:54:48,895 - ERROR - CRITICAL: Restricted location detected. Cannot create Binance client.
2026-03-31 06:54:58,996 - ERROR - CRITICAL: Restricted location detected. Cannot create Binance client.
2026-03-31 06:54:59,080 - ERROR - CRITICAL: Restricted location detected. Cannot create Binance client.
2026-03-31 06:54:59,162 - ERROR - CRITICAL: Restricted location detected. Cannot create Binance client.
2026-03-31 06:54:59,243 - ERROR - CRITICAL: Restricted location detected. Cannot create Binance client.
2026-03-31 06:55:09,327 - ERROR - CRITICAL: Restricted location detected. Cannot create Binance client.
2026-03-31 06:55:09,410 - ERROR - CRITICAL: Restricted location detected. Cannot create Binance client.
2026-03-31 06:55:09,492 - ERROR - CRITICAL: Restricted location detected. Cannot create Binance client.
2026-03-31 06:55:09,576 - ERROR - CRITICAL: Restricted location detected. Cannot create Binance client.
2026-03-31 06:55:19,661 - ERROR - CRITICAL: Restricted location detected. Cannot create Binance client.
2026-03-31 06:55:19,744 - ERROR - CRITICAL: Restricted location detected. Cannot create Binance client.
2026-03-31 06:55:19,827 - ERROR - CRITICAL: Restricted location detected. Cannot create Binance client.
2026-03-31 06:55:19,910 - ERROR - CRITICAL: Restricted location detected. Cannot create Binance client.
2026-03-31 06:55:30,023 - ERROR - CRITICAL: Restricted location detected. Cannot create Binance client.
2026-03-31 06:55:30,138 - ERROR - CRITICAL: Restricted location detected. Cannot create Binance client.
2026-03-31 06:55:30,256 - ERROR - CRITICAL: Restricted location detected. Cannot create Binance client.
2026-03-31 06:55:30,369 - ERROR - CRITICAL: Restricted location detected. Cannot create Binance client.
2026-03-31 06:55:40,454 - ERROR - CRITICAL: Restricted location detected. Cannot create Binance client.
2026-03-31 06:55:40,536 - ERROR - CRITICAL: Restricted location detected. Cannot create Binance client.
2026-03-31 06:55:40,619 - ERROR - CRITICAL: Restricted location detected. Cannot create Binance client.
2026-03-31 06:55:40,701 - ERROR - CRITICAL: Restricted location detected. Cannot create Binance client.
2026-03-31 06:55:50,842 - ERROR - CRITICAL: Restricted location detected. Cannot create Binance client.
2026-03-31 06:55:50,934 - ERROR - CRITICAL: Restricted location detected. Cannot create Binance client.
2026-03-31 06:55:51,016 - ERROR - CRITICAL: Restricted location detected. Cannot create Binance client.
2026-03-31 06:55:51,098 - ERROR - CRITICAL: Restricted location detected. Cannot create Binance client.
2026-03-31 06:55:51,100 - WARNING - Warning: Symbol DOGEUSDC not found on Binance. Please check if it is a valid USDC pair.
2026-03-31 06:55:51,100 - WARNING - Warning: Symbol SOLUSDC not found on Binance. Please check if it is a valid USDC pair.
2026-03-31 06:56:01,201 - ERROR - CRITICAL: Restricted location detected. Cannot create Binance client.
2026-03-31 06:56:01,282 - ERROR - CRITICAL: Restricted location detected. Cannot create Binance client.
2026-03-31 06:56:01,365 - ERROR - CRITICAL: Restricted location detected. Cannot create Binance client.
2026-03-31 06:56:01,448 - ERROR - CRITICAL: Restricted location detected. Cannot create Binance client.
2026-03-31 06:56:11,532 - ERROR - CRITICAL: Restricted location detected. Cannot create Binance client.
2026-03-31 06:56:11,614 - ERROR - CRITICAL: Restricted location detected. Cannot create Binance client.
2026-03-31 06:56:11,696 - ERROR - CRITICAL: Restricted location detected. Cannot create Binance client.
2026-03-31 06:56:11,778 - ERROR - CRITICAL: Restricted location detected. Cannot create Binance client.
2026-03-31 06:56:21,862 - ERROR - CRITICAL: Restricted location detected. Cannot create Binance client.
2026-03-31 06:56:21,945 - ERROR - CRITICAL: Restricted location detected. Cannot create Binance client.
2026-03-31 06:56:22,029 - ERROR - CRITICAL: Restricted location detected. Cannot create Binance client.
2026-03-31 06:56:22,111 - ERROR - CRITICAL: Restricted location detected. Cannot create Binance client.
2026-03-31 06:56:32,200 - ERROR - CRITICAL: Restricted location detected. Cannot create Binance client.
2026-03-31 06:56:32,284 - ERROR - CRITICAL: Restricted location detected. Cannot create Binance client.
2026-03-31 06:56:32,368 - ERROR - CRITICAL: Restricted location detected. Cannot create Binance client.
2026-03-31 06:56:32,456 - ERROR - CRITICAL: Restricted location detected. Cannot create Binance client.
2026-03-31 06:56:42,542 - ERROR - CRITICAL: Restricted location detected. Cannot create Binance client.
2026-03-31 06:56:42,628 - ERROR - CRITICAL: Restricted location detected. Cannot create Binance client.
2026-03-31 06:56:42,713 - ERROR - CRITICAL: Restricted location detected. Cannot create Binance client.
2026-03-31 06:56:42,796 - ERROR - CRITICAL: Restricted location detected. Cannot create Binance client.
2026-03-31 06:56:52,895 - ERROR - CRITICAL: Restricted location detected. Cannot create Binance client.
2026-03-31 06:56:52,979 - ERROR - CRITICAL: Restricted location detected. Cannot create Binance client.
2026-03-31 06:56:53,063 - ERROR - CRITICAL: Restricted location detected. Cannot create Binance client.
2026-03-31 06:56:53,149 - ERROR - CRITICAL: Restricted location detected. Cannot create Binance client.
2026-03-31 06:57:03,251 - ERROR - CRITICAL: Restricted location detected. Cannot create Binance client.
2026-03-31 06:57:03,337 - ERROR - CRITICAL: Restricted location detected. Cannot create Binance client.
2026-03-31 06:57:03,422 - ERROR - CRITICAL: Restricted location detected. Cannot create Binance client.
2026-03-31 06:57:03,508 - ERROR - CRITICAL: Restricted location detected. Cannot create Binance client.
2026-03-31 06:57:13,592 - ERROR - CRITICAL: Restricted location detected. Cannot create Binance client.
2026-03-31 06:57:13,675 - ERROR - CRITICAL: Restricted location detected. Cannot create Binance client.
2026-03-31 06:57:13,759 - ERROR - CRITICAL: Restricted location detected. Cannot create Binance client.
2026-03-31 06:57:13,843 - ERROR - CRITICAL: Restricted location detected. Cannot create Binance client.
2026-03-31 06:57:23,932 - ERROR - CRITICAL: Restricted location detected. Cannot create Binance client.
2026-03-31 06:57:24,015 - ERROR - CRITICAL: Restricted location detected. Cannot create Binance client.
2026-03-31 06:57:24,097 - ERROR - CRITICAL: Restricted location detected. Cannot create Binance client.
2026-03-31 06:57:24,181 - ERROR - CRITICAL: Restricted location detected. Cannot create Binance client.
2026-03-31 06:57:34,265 - ERROR - CRITICAL: Restricted location detected. Cannot create Binance client.
2026-03-31 06:57:34,348 - ERROR - CRITICAL: Restricted location detected. Cannot create Binance client.
2026-03-31 06:57:34,433 - ERROR - CRITICAL: Restricted location detected. Cannot create Binance client.
2026-03-31 06:57:34,517 - ERROR - CRITICAL: Restricted location detected. Cannot create Binance client.
2026-03-31 06:57:44,603 - ERROR - CRITICAL: Restricted location detected. Cannot create Binance client.
2026-03-31 06:57:44,687 - ERROR - CRITICAL: Restricted location detected. Cannot create Binance client.
2026-03-31 06:57:44,771 - ERROR - CRITICAL: Restricted location detected. Cannot create Binance client.
2026-03-31 06:57:44,854 - ERROR - CRITICAL: Restricted location detected. Cannot create Binance client.
2026-03-31 06:57:54,939 - ERROR - CRITICAL: Restricted location detected. Cannot create Binance client.
2026-03-31 06:57:55,023 - ERROR - CRITICAL: Restricted location detected. Cannot create Binance client.
2026-03-31 06:57:55,105 - ERROR - CRITICAL: Restricted location detected. Cannot create Binance client.
2026-03-31 06:57:55,187 - ERROR - CRITICAL: Restricted location detected. Cannot create Binance client.
2026-03-31 06:58:05,288 - ERROR - CRITICAL: Restricted location detected. Cannot create Binance client.
2026-03-31 06:58:05,375 - ERROR - CRITICAL: Restricted location detected. Cannot create Binance client.
2026-03-31 06:58:05,460 - ERROR - CRITICAL: Restricted location detected. Cannot create Binance client.
2026-03-31 06:58:05,551 - ERROR - CRITICAL: Restricted location detected. Cannot create Binance client.
2026-03-31 06:58:15,635 - ERROR - CRITICAL: Restricted location detected. Cannot create Binance client.
2026-03-31 06:58:15,718 - ERROR - CRITICAL: Restricted location detected. Cannot create Binance client.
2026-03-31 06:58:15,802 - ERROR - CRITICAL: Restricted location detected. Cannot create Binance client.
2026-03-31 06:58:15,896 - ERROR - CRITICAL: Restricted location detected. Cannot create Binance client.
2026-03-31 06:58:25,980 - ERROR - CRITICAL: Restricted location detected. Cannot create Binance client.
2026-03-31 06:58:26,061 - ERROR - CRITICAL: Restricted location detected. Cannot create Binance client.
2026-03-31 06:58:26,143 - ERROR - CRITICAL: Restricted location detected. Cannot create Binance client.
2026-03-31 06:58:26,224 - ERROR - CRITICAL: Restricted location detected. Cannot create Binance client.
2026-03-31 06:58:36,308 - ERROR - CRITICAL: Restricted location detected. Cannot create Binance client.
2026-03-31 06:58:36,392 - ERROR - CRITICAL: Restricted location detected. Cannot create Binance client.
2026-03-31 06:58:36,474 - ERROR - CRITICAL: Restricted location detected. Cannot create Binance client.
2026-03-31 06:58:36,556 - ERROR - CRITICAL: Restricted location detected. Cannot create Binance client.
2026-03-31 06:58:46,641 - ERROR - CRITICAL: Restricted location detected. Cannot create Binance client.
2026-03-31 06:58:46,724 - ERROR - CRITICAL: Restricted location detected. Cannot create Binance client.
2026-03-31 06:58:46,806 - ERROR - CRITICAL: Restricted location detected. Cannot create Binance client.
2026-03-31 06:58:46,888 - ERROR - CRITICAL: Restricted location detected. Cannot create Binance client.
2026-03-31 06:58:56,973 - ERROR - CRITICAL: Restricted location detected. Cannot create Binance client.
2026-03-31 06:58:57,058 - ERROR - CRITICAL: Restricted location detected. Cannot create Binance client.
2026-03-31 06:58:57,141 - ERROR - CRITICAL: Restricted location detected. Cannot create Binance client.
2026-03-31 06:58:57,223 - ERROR - CRITICAL: Restricted location detected. Cannot create Binance client.
2026-03-31 06:59:07,322 - ERROR - CRITICAL: Restricted location detected. Cannot create Binance client.
2026-03-31 06:59:07,404 - ERROR - CRITICAL: Restricted location detected. Cannot create Binance client.
2026-03-31 06:59:07,485 - ERROR - CRITICAL: Restricted location detected. Cannot create Binance client.
2026-03-31 06:59:07,566 - ERROR - CRITICAL: Restricted location detected. Cannot create Binance client.
2026-03-31 06:59:17,650 - ERROR - CRITICAL: Restricted location detected. Cannot create Binance client.
2026-03-31 06:59:17,733 - ERROR - CRITICAL: Restricted location detected. Cannot create Binance client.
2026-03-31 06:59:17,816 - ERROR - CRITICAL: Restricted location detected. Cannot create Binance client.
2026-03-31 06:59:17,897 - ERROR - CRITICAL: Restricted location detected. Cannot create Binance client.
2026-03-31 06:59:27,982 - ERROR - CRITICAL: Restricted location detected. Cannot create Binance client.
2026-03-31 06:59:28,065 - ERROR - CRITICAL: Restricted location detected. Cannot create Binance client.
2026-03-31 06:59:28,149 - ERROR - CRITICAL: Restricted location detected. Cannot create Binance client.
2026-03-31 06:59:28,232 - ERROR - CRITICAL: Restricted location detected. Cannot create Binance client.
2026-03-31 06:59:38,317 - ERROR - CRITICAL: Restricted location detected. Cannot create Binance client.
2026-03-31 06:59:38,400 - ERROR - CRITICAL: Restricted location detected. Cannot create Binance client.
2026-03-31 06:59:38,483 - ERROR - CRITICAL: Restricted location detected. Cannot create Binance client.
2026-03-31 06:59:38,564 - ERROR - CRITICAL: Restricted location detected. Cannot create Binance client.
2026-03-31 06:59:48,650 - ERROR - CRITICAL: Restricted location detected. Cannot create Binance client.
2026-03-31 06:59:48,731 - ERROR - CRITICAL: Restricted location detected. Cannot create Binance client.
2026-03-31 06:59:48,814 - ERROR - CRITICAL: Restricted location detected. Cannot create Binance client.
2026-03-31 06:59:48,896 - ERROR - CRITICAL: Restricted location detected. Cannot create Binance client.
2026-03-31 06:59:58,980 - ERROR - CRITICAL: Restricted location detected. Cannot create Binance client.
2026-03-31 06:59:59,062 - ERROR - CRITICAL: Restricted location detected. Cannot create Binance client.
2026-03-31 06:59:59,146 - ERROR - CRITICAL: Restricted location detected. Cannot create Binance client.
2026-03-31 06:59:59,227 - ERROR - CRITICAL: Restricted location detected. Cannot create Binance client.
2026-03-31 07:00:09,327 - ERROR - CRITICAL: Restricted location detected. Cannot create Binance client.
2026-03-31 07:00:09,408 - ERROR - CRITICAL: Restricted location detected. Cannot create Binance client.
2026-03-31 07:00:09,491 - ERROR - CRITICAL: Restricted location detected. Cannot create Binance client.
2026-03-31 07:00:09,572 - ERROR - CRITICAL: Restricted location detected. Cannot create Binance client.
2026-03-31 07:00:19,656 - ERROR - CRITICAL: Restricted location detected. Cannot create Binance client.
2026-03-31 07:00:19,739 - ERROR - CRITICAL: Restricted location detected. Cannot create Binance client.
2026-03-31 07:00:19,822 - ERROR - CRITICAL: Restricted location detected. Cannot create Binance client.
2026-03-31 07:00:19,904 - ERROR - CRITICAL: Restricted location detected. Cannot create Binance client.
2026-03-31 07:00:29,987 - ERROR - CRITICAL: Restricted location detected. Cannot create Binance client.
2026-03-31 07:00:30,068 - ERROR - CRITICAL: Restricted location detected. Cannot create Binance client.
2026-03-31 07:00:30,149 - ERROR - CRITICAL: Restricted location detected. Cannot create Binance client.
2026-03-31 07:00:30,232 - ERROR - CRITICAL: Restricted location detected. Cannot create Binance client.
2026-03-31 07:00:40,316 - ERROR - CRITICAL: Restricted location detected. Cannot create Binance client.
2026-03-31 07:00:40,399 - ERROR - CRITICAL: Restricted location detected. Cannot create Binance client.
2026-03-31 07:00:40,480 - ERROR - CRITICAL: Restricted location detected. Cannot create Binance client.
2026-03-31 07:00:40,561 - ERROR - CRITICAL: Restricted location detected. Cannot create Binance client.
2026-03-31 07:00:50,646 - ERROR - CRITICAL: Restricted location detected. Cannot create Binance client.
2026-03-31 07:00:50,730 - ERROR - CRITICAL: Restricted location detected. Cannot create Binance client.
2026-03-31 07:00:50,819 - ERROR - CRITICAL: Restricted location detected. Cannot create Binance client.
2026-03-31 07:00:50,899 - ERROR - CRITICAL: Restricted location detected. Cannot create Binance client.
2026-03-31 07:01:00,984 - ERROR - CRITICAL: Restricted location detected. Cannot create Binance client.
2026-03-31 07:01:01,067 - ERROR - CRITICAL: Restricted location detected. Cannot create Binance client.
2026-03-31 07:01:01,148 - ERROR - CRITICAL: Restricted location detected. Cannot create Binance client.
2026-03-31 07:01:01,231 - ERROR - CRITICAL: Restricted location detected. Cannot create Binance client.
2026-03-31 07:01:01,233 - WARNING - Warning: Symbol DOGEUSDC not found on Binance. Please check if it is a valid USDC pair.
2026-03-31 07:01:01,233 - WARNING - Warning: Symbol SOLUSDC not found on Binance. Please check if it is a valid USDC pair.
2026-03-31 07:01:11,333 - ERROR - CRITICAL: Restricted location detected. Cannot create Binance client.
2026-03-31 07:01:11,416 - ERROR - CRITICAL: Restricted location detected. Cannot create Binance client.
2026-03-31 07:01:11,497 - ERROR - CRITICAL: Restricted location detected. Cannot create Binance client.
2026-03-31 07:01:11,578 - ERROR - CRITICAL: Restricted location detected. Cannot create Binance client.
2026-03-31 07:01:21,662 - ERROR - CRITICAL: Restricted location detected. Cannot create Binance client.
2026-03-31 07:01:21,743 - ERROR - CRITICAL: Restricted location detected. Cannot create Binance client.
2026-03-31 07:01:21,825 - ERROR - CRITICAL: Restricted location detected. Cannot create Binance client.
2026-03-31 07:01:21,906 - ERROR - CRITICAL: Restricted location detected. Cannot create Binance client.
2026-03-31 07:01:31,990 - ERROR - CRITICAL: Restricted location detected. Cannot create Binance client.
2026-03-31 07:01:32,072 - ERROR - CRITICAL: Restricted location detected. Cannot create Binance client.
2026-03-31 07:01:32,156 - ERROR - CRITICAL: Restricted location detected. Cannot create Binance client.
2026-03-31 07:01:32,238 - ERROR - CRITICAL: Restricted location detected. Cannot create Binance client.
2026-03-31 12:11:29,156 - ERROR - CRITICAL: Restricted location detected. Cannot create Binance client.
2026-03-31 12:11:29,258 - ERROR - CRITICAL: Restricted location detected. Cannot create Binance client.
2026-03-31 12:11:29,345 - ERROR - CRITICAL: Restricted location detected. Cannot create Binance client.
2026-03-31 12:11:29,431 - ERROR - CRITICAL: Restricted location detected. Cannot create Binance client.
2026-03-31 12:11:29,437 - WARNING - Warning: Symbol DOGEUSDC not found on Binance. Please check if it is a valid USDC pair.
2026-03-31 12:11:29,437 - WARNING - Warning: Symbol SOLUSDC not found on Binance. Please check if it is a valid USDC pair.
2026-03-31 12:11:39,525 - ERROR - CRITICAL: Restricted location detected. Cannot create Binance client.
2026-03-31 12:11:39,609 - ERROR - CRITICAL: Restricted location detected. Cannot create Binance client.
2026-03-31 12:11:39,693 - ERROR - CRITICAL: Restricted location detected. Cannot create Binance client.
2026-03-31 12:11:39,774 - ERROR - CRITICAL: Restricted location detected. Cannot create Binance client.
2026-03-31 12:11:49,932 - ERROR - CRITICAL: Restricted location detected. Cannot create Binance client.
2026-03-31 12:11:50,030 - ERROR - CRITICAL: Restricted location detected. Cannot create Binance client.
2026-03-31 12:11:50,123 - ERROR - CRITICAL: Restricted location detected. Cannot create Binance client.
2026-03-31 12:11:50,210 - ERROR - CRITICAL: Restricted location detected. Cannot create Binance client.
2026-03-31 12:12:00,344 - ERROR - CRITICAL: Restricted location detected. Cannot create Binance client.
2026-03-31 12:12:00,435 - ERROR - CRITICAL: Restricted location detected. Cannot create Binance client.
2026-03-31 12:12:00,531 - ERROR - CRITICAL: Restricted location detected. Cannot create Binance client.
2026-03-31 12:12:00,623 - ERROR - CRITICAL: Restricted location detected. Cannot create Binance client.
2026-03-31 12:12:10,711 - ERROR - CRITICAL: Restricted location detected. Cannot create Binance client.
2026-03-31 12:12:10,813 - ERROR - CRITICAL: Restricted location detected. Cannot create Binance client.
2026-03-31 12:12:10,897 - ERROR - CRITICAL: Restricted location detected. Cannot create Binance client.
2026-03-31 12:12:10,982 - ERROR - CRITICAL: Restricted location detected. Cannot create Binance client.
2026-03-31 12:12:21,066 - ERROR - CRITICAL: Restricted location detected. Cannot create Binance client.
2026-03-31 12:12:21,152 - ERROR - CRITICAL: Restricted location detected. Cannot create Binance client.
2026-03-31 12:12:21,236 - ERROR - CRITICAL: Restricted location detected. Cannot create Binance client.
2026-03-31 12:12:21,324 - ERROR - CRITICAL: Restricted location detected. Cannot create Binance client.
2026-03-31 12:12:31,435 - ERROR - CRITICAL: Restricted location detected. Cannot create Binance client.
2026-03-31 12:12:31,520 - ERROR - CRITICAL: Restricted location detected. Cannot create Binance client.
2026-03-31 12:12:31,604 - ERROR - CRITICAL: Restricted location detected. Cannot create Binance client.
2026-03-31 12:12:31,689 - ERROR - CRITICAL: Restricted location detected. Cannot create Binance client.
2026-03-31 12:12:41,774 - ERROR - CRITICAL: Restricted location detected. Cannot create Binance client.
2026-03-31 12:12:41,857 - ERROR - CRITICAL: Restricted location detected. Cannot create Binance client.
2026-03-31 12:12:41,952 - ERROR - CRITICAL: Restricted location detected. Cannot create Binance client.
2026-03-31 12:12:42,037 - ERROR - CRITICAL: Restricted location detected. Cannot create Binance client.
2026-03-31 12:12:52,126 - ERROR - CRITICAL: Restricted location detected. Cannot create Binance client.
2026-03-31 12:12:52,210 - ERROR - CRITICAL: Restricted location detected. Cannot create Binance client.
2026-03-31 12:12:52,293 - ERROR - CRITICAL: Restricted location detected. Cannot create Binance client.
2026-03-31 12:12:52,383 - ERROR - CRITICAL: Restricted location detected. Cannot create Binance client.
2026-03-31 12:13:02,469 - ERROR - CRITICAL: Restricted location detected. Cannot create Binance client.
2026-03-31 12:13:02,556 - ERROR - CRITICAL: Restricted location detected. Cannot create Binance client.
2026-03-31 12:13:02,648 - ERROR - CRITICAL: Restricted location detected. Cannot create Binance client.
2026-03-31 12:13:02,739 - ERROR - CRITICAL: Restricted location detected. Cannot create Binance client.
2026-03-31 12:13:12,846 - ERROR - CRITICAL: Restricted location detected. Cannot create Binance client.
2026-03-31 12:13:12,955 - ERROR - CRITICAL: Restricted location detected. Cannot create Binance client.
2026-03-31 12:13:13,066 - ERROR - CRITICAL: Restricted location detected. Cannot create Binance client.
2026-03-31 12:13:13,173 - ERROR - CRITICAL: Restricted location detected. Cannot create Binance client.
2026-03-31 12:13:23,261 - ERROR - CRITICAL: Restricted location detected. Cannot create Binance client.
2026-03-31 12:13:23,346 - ERROR - CRITICAL: Restricted location detected. Cannot create Binance client.
2026-03-31 12:13:23,434 - ERROR - CRITICAL: Restricted location detected. Cannot create Binance client.
2026-03-31 12:13:23,520 - ERROR - CRITICAL: Restricted location detected. Cannot create Binance client.
2026-03-31 12:13:33,621 - ERROR - CRITICAL: Restricted location detected. Cannot create Binance client.
2026-03-31 12:13:33,704 - ERROR - CRITICAL: Restricted location detected. Cannot create Binance client.
2026-03-31 12:13:33,786 - ERROR - CRITICAL: Restricted location detected. Cannot create Binance client.
2026-03-31 12:13:33,867 - ERROR - CRITICAL: Restricted location detected. Cannot create Binance client.
2026-03-31 12:13:43,950 - ERROR - CRITICAL: Restricted location detected. Cannot create Binance client.
2026-03-31 12:13:44,036 - ERROR - CRITICAL: Restricted location detected. Cannot create Binance client.
2026-03-31 12:13:44,116 - ERROR - CRITICAL: Restricted location detected. Cannot create Binance client.
2026-03-31 12:13:44,200 - ERROR - CRITICAL: Restricted location detected. Cannot create Binance client.
2026-03-31 12:13:54,284 - ERROR - CRITICAL: Restricted location detected. Cannot create Binance client.
2026-03-31 12:13:54,367 - ERROR - CRITICAL: Restricted location detected. Cannot create Binance client.
2026-03-31 12:13:54,449 - ERROR - CRITICAL: Restricted location detected. Cannot create Binance client.
2026-03-31 12:13:54,532 - ERROR - CRITICAL: Restricted location detected. Cannot create Binance client.
2026-03-31 12:14:04,622 - ERROR - CRITICAL: Restricted location detected. Cannot create Binance client.
2026-03-31 12:14:04,719 - ERROR - CRITICAL: Restricted location detected. Cannot create Binance client.
2026-03-31 12:14:04,805 - ERROR - CRITICAL: Restricted location detected. Cannot create Binance client.
2026-03-31 12:14:04,893 - ERROR - CRITICAL: Restricted location detected. Cannot create Binance client.
2026-03-31 12:14:14,980 - ERROR - CRITICAL: Restricted location detected. Cannot create Binance client.
2026-03-31 12:14:15,063 - ERROR - CRITICAL: Restricted location detected. Cannot create Binance client.
2026-03-31 12:14:15,148 - ERROR - CRITICAL: Restricted location detected. Cannot create Binance client.
2026-03-31 12:14:15,235 - ERROR - CRITICAL: Restricted location detected. Cannot create Binance client.
2026-03-31 12:14:25,323 - ERROR - CRITICAL: Restricted location detected. Cannot create Binance client.
2026-03-31 12:14:25,409 - ERROR - CRITICAL: Restricted location detected. Cannot create Binance client.
2026-03-31 12:14:25,502 - ERROR - CRITICAL: Restricted location detected. Cannot create Binance client.
2026-03-31 12:14:25,585 - ERROR - CRITICAL: Restricted location detected. Cannot create Binance client.
2026-03-31 12:14:35,699 - ERROR - CRITICAL: Restricted location detected. Cannot create Binance client.
2026-03-31 12:14:35,784 - ERROR - CRITICAL: Restricted location detected. Cannot create Binance client.
2026-03-31 12:14:35,868 - ERROR - CRITICAL: Restricted location detected. Cannot create Binance client.
2026-03-31 12:14:35,951 - ERROR - CRITICAL: Restricted location detected. Cannot create Binance client.
2026-03-31 12:14:46,082 - ERROR - CRITICAL: Restricted location detected. Cannot create Binance client.
2026-03-31 12:14:46,169 - ERROR - CRITICAL: Restricted location detected. Cannot create Binance client.
2026-03-31 12:14:46,251 - ERROR - CRITICAL: Restricted location detected. Cannot create Binance client.
2026-03-31 12:14:46,333 - ERROR - CRITICAL: Restricted location detected. Cannot create Binance client.
2026-03-31 13:33:22,652 - ERROR - CRITICAL: Restricted location detected. Cannot create Binance client.
2026-03-31 13:33:22,751 - ERROR - CRITICAL: Restricted location detected. Cannot create Binance client.
2026-03-31 13:33:22,835 - ERROR - CRITICAL: Restricted location detected. Cannot create Binance client.
2026-03-31 13:33:22,920 - ERROR - CRITICAL: Restricted location detected. Cannot create Binance client.
2026-03-31 13:33:22,926 - WARNING - Warning: Symbol DOGEUSDC not found on Binance. Please check if it is a valid USDC pair.
2026-03-31 13:33:22,927 - WARNING - Warning: Symbol SOLUSDC not found on Binance. Please check if it is a valid USDC pair.
2026-03-31 13:33:33,009 - ERROR - CRITICAL: Restricted location detected. Cannot create Binance client.
2026-03-31 13:33:33,092 - ERROR - CRITICAL: Restricted location detected. Cannot create Binance client.
2026-03-31 13:33:33,174 - ERROR - CRITICAL: Restricted location detected. Cannot create Binance client.
2026-03-31 13:33:33,260 - ERROR - CRITICAL: Restricted location detected. Cannot create Binance client.
2026-03-31 13:33:43,364 - ERROR - CRITICAL: Restricted location detected. Cannot create Binance client.
2026-03-31 13:33:43,474 - ERROR - CRITICAL: Restricted location detected. Cannot create Binance client.
2026-03-31 13:33:43,577 - ERROR - CRITICAL: Restricted location detected. Cannot create Binance client.
2026-03-31 13:33:43,683 - ERROR - CRITICAL: Restricted location detected. Cannot create Binance client.
2026-03-31 13:33:53,808 - ERROR - CRITICAL: Restricted location detected. Cannot create Binance client.
2026-03-31 13:33:53,900 - ERROR - CRITICAL: Restricted location detected. Cannot create Binance client.
2026-03-31 13:33:53,986 - ERROR - CRITICAL: Restricted location detected. Cannot create Binance client.
2026-03-31 13:33:54,075 - ERROR - CRITICAL: Restricted location detected. Cannot create Binance client.
2026-03-31 13:34:04,168 - ERROR - CRITICAL: Restricted location detected. Cannot create Binance client.
2026-03-31 13:34:04,252 - ERROR - CRITICAL: Restricted location detected. Cannot create Binance client.
2026-03-31 13:34:04,356 - ERROR - CRITICAL: Restricted location detected. Cannot create Binance client.
2026-03-31 13:34:04,446 - ERROR - CRITICAL: Restricted location detected. Cannot create Binance client.
2026-03-31 13:34:14,620 - ERROR - CRITICAL: Restricted location detected. Cannot create Binance client.
2026-03-31 13:34:14,735 - ERROR - CRITICAL: Restricted location detected. Cannot create Binance client.
2026-03-31 13:34:14,845 - ERROR - CRITICAL: Restricted location detected. Cannot create Binance client.
2026-03-31 13:34:14,958 - ERROR - CRITICAL: Restricted location detected. Cannot create Binance client.
2026-03-31 13:34:25,066 - ERROR - CRITICAL: Restricted location detected. Cannot create Binance client.
2026-03-31 13:34:25,167 - ERROR - CRITICAL: Restricted location detected. Cannot create Binance client.
2026-03-31 13:34:25,251 - ERROR - CRITICAL: Restricted location detected. Cannot create Binance client.
2026-03-31 13:34:25,337 - ERROR - CRITICAL: Restricted location detected. Cannot create Binance client.
2026-03-31 13:34:35,425 - ERROR - CRITICAL: Restricted location detected. Cannot create Binance client.
2026-03-31 13:34:35,510 - ERROR - CRITICAL: Restricted location detected. Cannot create Binance client.
2026-03-31 13:34:35,595 - ERROR - CRITICAL: Restricted location detected. Cannot create Binance client.
2026-03-31 13:34:35,679 - ERROR - CRITICAL: Restricted location detected. Cannot create Binance client.
2026-03-31 13:34:45,769 - ERROR - CRITICAL: Restricted location detected. Cannot create Binance client.
2026-03-31 13:34:45,856 - ERROR - CRITICAL: Restricted location detected. Cannot create Binance client.
2026-03-31 13:34:45,943 - ERROR - CRITICAL: Restricted location detected. Cannot create Binance client.
2026-03-31 13:34:46,033 - ERROR - CRITICAL: Restricted location detected. Cannot create Binance client.
2026-03-31 13:34:56,123 - ERROR - CRITICAL: Restricted location detected. Cannot create Binance client.
2026-03-31 13:34:56,210 - ERROR - CRITICAL: Restricted location detected. Cannot create Binance client.
2026-03-31 13:34:56,297 - ERROR - CRITICAL: Restricted location detected. Cannot create Binance client.
2026-03-31 13:34:56,383 - ERROR - CRITICAL: Restricted location detected. Cannot create Binance client.
2026-03-31 13:35:06,468 - ERROR - CRITICAL: Restricted location detected. Cannot create Binance client.
2026-03-31 13:35:06,553 - ERROR - CRITICAL: Restricted location detected. Cannot create Binance client.
2026-03-31 13:35:06,638 - ERROR - CRITICAL: Restricted location detected. Cannot create Binance client.
2026-03-31 13:35:06,724 - ERROR - CRITICAL: Restricted location detected. Cannot create Binance client.
2026-03-31 13:35:16,810 - ERROR - CRITICAL: Restricted location detected. Cannot create Binance client.
2026-03-31 13:35:16,896 - ERROR - CRITICAL: Restricted location detected. Cannot create Binance client.
2026-03-31 13:35:16,981 - ERROR - CRITICAL: Restricted location detected. Cannot create Binance client.
2026-03-31 13:35:17,064 - ERROR - CRITICAL: Restricted location detected. Cannot create Binance client.
2026-03-31 13:35:27,168 - ERROR - CRITICAL: Restricted location detected. Cannot create Binance client.
2026-03-31 13:35:27,252 - ERROR - CRITICAL: Restricted location detected. Cannot create Binance client.
2026-03-31 13:35:27,337 - ERROR - CRITICAL: Restricted location detected. Cannot create Binance client.
2026-03-31 13:35:27,422 - ERROR - CRITICAL: Restricted location detected. Cannot create Binance client.
2026-03-31 13:35:37,504 - ERROR - CRITICAL: Restricted location detected. Cannot create Binance client.
2026-03-31 13:35:37,585 - ERROR - CRITICAL: Restricted location detected. Cannot create Binance client.
2026-03-31 13:35:37,665 - ERROR - CRITICAL: Restricted location detected. Cannot create Binance client.
2026-03-31 13:35:37,749 - ERROR - CRITICAL: Restricted location detected. Cannot create Binance client.
2026-03-31 13:35:47,832 - ERROR - CRITICAL: Restricted location detected. Cannot create Binance client.
2026-03-31 13:35:47,918 - ERROR - CRITICAL: Restricted location detected. Cannot create Binance client.
2026-03-31 13:35:47,999 - ERROR - CRITICAL: Restricted location detected. Cannot create Binance client.
2026-03-31 13:35:48,080 - ERROR - CRITICAL: Restricted location detected. Cannot create Binance client.
2026-03-31 13:35:58,169 - ERROR - CRITICAL: Restricted location detected. Cannot create Binance client.
2026-03-31 13:35:58,257 - ERROR - CRITICAL: Restricted location detected. Cannot create Binance client.
2026-03-31 13:35:58,341 - ERROR - CRITICAL: Restricted location detected. Cannot create Binance client.
2026-03-31 13:35:58,433 - ERROR - CRITICAL: Restricted location detected. Cannot create Binance client.
2026-03-31 13:36:08,543 - ERROR - CRITICAL: Restricted location detected. Cannot create Binance client.
2026-03-31 13:36:08,629 - ERROR - CRITICAL: Restricted location detected. Cannot create Binance client.
2026-03-31 13:36:08,712 - ERROR - CRITICAL: Restricted location detected. Cannot create Binance client.
2026-03-31 13:36:08,799 - ERROR - CRITICAL: Restricted location detected. Cannot create Binance client.
2026-03-31 13:36:18,968 - ERROR - CRITICAL: Restricted location detected. Cannot create Binance client.
2026-03-31 13:36:19,131 - ERROR - CRITICAL: Restricted location detected. Cannot create Binance client.
2026-03-31 13:36:19,266 - ERROR - CRITICAL: Restricted location detected. Cannot create Binance client.
2026-03-31 13:36:19,395 - ERROR - CRITICAL: Restricted location detected. Cannot create Binance client.
2026-03-31 13:36:29,502 - ERROR - CRITICAL: Restricted location detected. Cannot create Binance client.
2026-03-31 13:36:29,582 - ERROR - CRITICAL: Restricted location detected. Cannot create Binance client.
2026-03-31 13:36:29,669 - ERROR - CRITICAL: Restricted location detected. Cannot create Binance client.
2026-03-31 13:36:29,759 - ERROR - CRITICAL: Restricted location detected. Cannot create Binance client.
2026-03-31 13:36:39,842 - ERROR - CRITICAL: Restricted location detected. Cannot create Binance client.
2026-03-31 13:36:39,924 - ERROR - CRITICAL: Restricted location detected. Cannot create Binance client.
2026-03-31 13:36:40,009 - ERROR - CRITICAL: Restricted location detected. Cannot create Binance client.
2026-03-31 13:36:40,092 - ERROR - CRITICAL: Restricted location detected. Cannot create Binance client.
2026-03-31 13:36:50,176 - ERROR - CRITICAL: Restricted location detected. Cannot create Binance client.
2026-03-31 13:36:50,260 - ERROR - CRITICAL: Restricted location detected. Cannot create Binance client.
2026-03-31 13:36:50,350 - ERROR - CRITICAL: Restricted location detected. Cannot create Binance client.
2026-03-31 13:36:50,434 - ERROR - CRITICAL: Restricted location detected. Cannot create Binance client.
2026-03-31 13:37:00,520 - ERROR - CRITICAL: Restricted location detected. Cannot create Binance client.
2026-03-31 13:37:00,603 - ERROR - CRITICAL: Restricted location detected. Cannot create Binance client.
2026-03-31 13:37:00,690 - ERROR - CRITICAL: Restricted location detected. Cannot create Binance client.
2026-03-31 13:37:00,771 - ERROR - CRITICAL: Restricted location detected. Cannot create Binance client.
2026-03-31 13:37:10,859 - ERROR - CRITICAL: Restricted location detected. Cannot create Binance client.
2026-03-31 13:37:10,939 - ERROR - CRITICAL: Restricted location detected. Cannot create Binance client.
2026-03-31 13:37:11,024 - ERROR - CRITICAL: Restricted location detected. Cannot create Binance client.
2026-03-31 13:37:11,106 - ERROR - CRITICAL: Restricted location detected. Cannot create Binance client.
2026-03-31 13:37:21,194 - ERROR - CRITICAL: Restricted location detected. Cannot create Binance client.
2026-03-31 13:37:21,279 - ERROR - CRITICAL: Restricted location detected. Cannot create Binance client.
2026-03-31 13:37:21,363 - ERROR - CRITICAL: Restricted location detected. Cannot create Binance client.
2026-03-31 13:37:21,449 - ERROR - CRITICAL: Restricted location detected. Cannot create Binance client.
2026-03-31 13:37:31,550 - ERROR - CRITICAL: Restricted location detected. Cannot create Binance client.
2026-03-31 13:37:31,634 - ERROR - CRITICAL: Restricted location detected. Cannot create Binance client.
2026-03-31 13:37:31,717 - ERROR - CRITICAL: Restricted location detected. Cannot create Binance client.
2026-03-31 13:37:31,802 - ERROR - CRITICAL: Restricted location detected. Cannot create Binance client.
2026-03-31 13:37:41,887 - ERROR - CRITICAL: Restricted location detected. Cannot create Binance client.
2026-03-31 13:37:41,970 - ERROR - CRITICAL: Restricted location detected. Cannot create Binance client.
2026-03-31 13:37:42,054 - ERROR - CRITICAL: Restricted location detected. Cannot create Binance client.
2026-03-31 13:37:42,137 - ERROR - CRITICAL: Restricted location detected. Cannot create Binance client.
2026-03-31 13:37:52,223 - ERROR - CRITICAL: Restricted location detected. Cannot create Binance client.
2026-03-31 13:37:52,308 - ERROR - CRITICAL: Restricted location detected. Cannot create Binance client.
2026-03-31 13:37:52,391 - ERROR - CRITICAL: Restricted location detected. Cannot create Binance client.
2026-03-31 13:37:52,473 - ERROR - CRITICAL: Restricted location detected. Cannot create Binance client.
2026-03-31 13:38:02,557 - ERROR - CRITICAL: Restricted location detected. Cannot create Binance client.
2026-03-31 13:38:02,643 - ERROR - CRITICAL: Restricted location detected. Cannot create Binance client.
2026-03-31 13:38:02,726 - ERROR - CRITICAL: Restricted location detected. Cannot create Binance client.
2026-03-31 13:38:02,812 - ERROR - CRITICAL: Restricted location detected. Cannot create Binance client.
2026-03-31 13:38:12,898 - ERROR - CRITICAL: Restricted location detected. Cannot create Binance client.
2026-03-31 13:38:12,981 - ERROR - CRITICAL: Restricted location detected. Cannot create Binance client.
2026-03-31 13:38:13,065 - ERROR - CRITICAL: Restricted location detected. Cannot create Binance client.
2026-03-31 13:38:13,150 - ERROR - CRITICAL: Restricted location detected. Cannot create Binance client.
2026-03-31 13:38:23,235 - ERROR - CRITICAL: Restricted location detected. Cannot create Binance client.
2026-03-31 13:38:23,318 - ERROR - CRITICAL: Restricted location detected. Cannot create Binance client.
2026-03-31 13:38:23,401 - ERROR - CRITICAL: Restricted location detected. Cannot create Binance client.
2026-03-31 13:38:23,484 - ERROR - CRITICAL: Restricted location detected. Cannot create Binance client.
2026-03-31 13:38:23,486 - WARNING - Warning: Symbol DOGEUSDC not found on Binance. Please check if it is a valid USDC pair.
2026-03-31 13:38:23,487 - WARNING - Warning: Symbol SOLUSDC not found on Binance. Please check if it is a valid USDC pair.
2026-03-31 13:38:33,595 - ERROR - CRITICAL: Restricted location detected. Cannot create Binance client.
2026-03-31 13:38:33,679 - ERROR - CRITICAL: Restricted location detected. Cannot create Binance client.
2026-03-31 13:38:33,763 - ERROR - CRITICAL: Restricted location detected. Cannot create Binance client.
2026-03-31 13:38:33,845 - ERROR - CRITICAL: Restricted location detected. Cannot create Binance client.
2026-03-31 13:38:43,931 - ERROR - CRITICAL: Restricted location detected. Cannot create Binance client.
2026-03-31 13:38:44,016 - ERROR - CRITICAL: Restricted location detected. Cannot create Binance client.
2026-03-31 13:38:44,102 - ERROR - CRITICAL: Restricted location detected. Cannot create Binance client.
2026-03-31 13:38:44,188 - ERROR - CRITICAL: Restricted location detected. Cannot create Binance client.
2026-03-31 13:38:54,275 - ERROR - CRITICAL: Restricted location detected. Cannot create Binance client.
2026-03-31 13:38:54,358 - ERROR - CRITICAL: Restricted location detected. Cannot create Binance client.
2026-03-31 13:38:54,442 - ERROR - CRITICAL: Restricted location detected. Cannot create Binance client.
2026-03-31 13:38:54,526 - ERROR - CRITICAL: Restricted location detected. Cannot create Binance client.
2026-03-31 13:39:04,614 - ERROR - CRITICAL: Restricted location detected. Cannot create Binance client.
2026-03-31 13:39:04,697 - ERROR - CRITICAL: Restricted location detected. Cannot create Binance client.
2026-03-31 13:39:04,781 - ERROR - CRITICAL: Restricted location detected. Cannot create Binance client.
2026-03-31 13:39:04,865 - ERROR - CRITICAL: Restricted location detected. Cannot create Binance client.
2026-03-31 13:39:14,951 - ERROR - CRITICAL: Restricted location detected. Cannot create Binance client.
2026-03-31 13:39:15,034 - ERROR - CRITICAL: Restricted location detected. Cannot create Binance client.
2026-03-31 13:39:15,118 - ERROR - CRITICAL: Restricted location detected. Cannot create Binance client.
2026-03-31 13:39:15,202 - ERROR - CRITICAL: Restricted location detected. Cannot create Binance client.
2026-03-31 13:39:25,287 - ERROR - CRITICAL: Restricted location detected. Cannot create Binance client.
2026-03-31 13:39:25,371 - ERROR - CRITICAL: Restricted location detected. Cannot create Binance client.
2026-03-31 13:39:25,455 - ERROR - CRITICAL: Restricted location detected. Cannot create Binance client.
2026-03-31 13:39:25,538 - ERROR - CRITICAL: Restricted location detected. Cannot create Binance client.
2026-03-31 13:39:35,641 - ERROR - CRITICAL: Restricted location detected. Cannot create Binance client.
2026-03-31 13:39:35,724 - ERROR - CRITICAL: Restricted location detected. Cannot create Binance client.
2026-03-31 13:39:35,811 - ERROR - CRITICAL: Restricted location detected. Cannot create Binance client.
2026-03-31 13:39:35,898 - ERROR - CRITICAL: Restricted location detected. Cannot create Binance client.
2026-03-31 13:39:45,983 - ERROR - CRITICAL: Restricted location detected. Cannot create Binance client.
2026-03-31 13:39:46,070 - ERROR - CRITICAL: Restricted location detected. Cannot create Binance client.
2026-03-31 13:39:46,155 - ERROR - CRITICAL: Restricted location detected. Cannot create Binance client.
2026-03-31 13:39:46,241 - ERROR - CRITICAL: Restricted location detected. Cannot create Binance client.
2026-03-31 13:39:56,331 - ERROR - CRITICAL: Restricted location detected. Cannot create Binance client.
2026-03-31 13:39:56,416 - ERROR - CRITICAL: Restricted location detected. Cannot create Binance client.
2026-03-31 13:39:56,501 - ERROR - CRITICAL: Restricted location detected. Cannot create Binance client.
2026-03-31 13:39:56,587 - ERROR - CRITICAL: Restricted location detected. Cannot create Binance client.
2026-03-31 13:40:06,674 - ERROR - CRITICAL: Restricted location detected. Cannot create Binance client.
2026-03-31 13:40:06,759 - ERROR - CRITICAL: Restricted location detected. Cannot create Binance client.
2026-03-31 13:40:06,843 - ERROR - CRITICAL: Restricted location detected. Cannot create Binance client.
2026-03-31 13:40:06,930 - ERROR - CRITICAL: Restricted location detected. Cannot create Binance client.
2026-03-31 13:40:17,016 - ERROR - CRITICAL: Restricted location detected. Cannot create Binance client.
2026-03-31 13:40:17,099 - ERROR - CRITICAL: Restricted location detected. Cannot create Binance client.
2026-03-31 13:40:17,185 - ERROR - CRITICAL: Restricted location detected. Cannot create Binance client.
2026-03-31 13:40:17,268 - ERROR - CRITICAL: Restricted location detected. Cannot create Binance client.
2026-03-31 13:40:27,207 - INFO - Detected Server IP: 35.224.132.190
2026-03-31 13:40:27,248 - ERROR - CRITICAL: Restricted location detected. Cannot create Binance client.
2026-03-31 13:40:27,250 - ERROR - CRITICAL: Market client is unavailable. Skipping market WebSocket initialization.
2026-03-31 13:40:27,252 - WARNING - Werkzeug appears to be used in a production deployment. Consider switching to a production web server instead.
2026-03-31 13:40:27,358 - ERROR - CRITICAL: Restricted location detected. Cannot create Binance client.
2026-03-31 13:40:27,445 - ERROR - CRITICAL: Restricted location detected. Cannot create Binance client.
2026-03-31 13:40:27,529 - ERROR - CRITICAL: Restricted location detected. Cannot create Binance client.
2026-03-31 13:40:27,615 - ERROR - CRITICAL: Restricted location detected. Cannot create Binance client.
2026-03-31 13:40:37,748 - ERROR - CRITICAL: Restricted location detected. Cannot create Binance client.
2026-03-31 13:40:37,862 - ERROR - CRITICAL: Restricted location detected. Cannot create Binance client.
2026-03-31 13:40:37,981 - ERROR - CRITICAL: Restricted location detected. Cannot create Binance client.
2026-03-31 13:40:38,095 - ERROR - CRITICAL: Restricted location detected. Cannot create Binance client.
2026-03-31 13:40:48,179 - ERROR - CRITICAL: Restricted location detected. Cannot create Binance client.
2026-03-31 13:40:48,261 - ERROR - CRITICAL: Restricted location detected. Cannot create Binance client.
2026-03-31 13:40:48,345 - ERROR - CRITICAL: Restricted location detected. Cannot create Binance client.
2026-03-31 13:40:48,427 - ERROR - CRITICAL: Restricted location detected. Cannot create Binance client.
2026-03-31 13:40:58,513 - ERROR - CRITICAL: Restricted location detected. Cannot create Binance client.
2026-03-31 13:40:58,600 - ERROR - CRITICAL: Restricted location detected. Cannot create Binance client.
2026-03-31 13:40:58,684 - ERROR - CRITICAL: Restricted location detected. Cannot create Binance client.
2026-03-31 13:40:58,769 - ERROR - CRITICAL: Restricted location detected. Cannot create Binance client.
2026-03-31 13:41:08,858 - ERROR - CRITICAL: Restricted location detected. Cannot create Binance client.
2026-03-31 13:41:08,946 - ERROR - CRITICAL: Restricted location detected. Cannot create Binance client.
2026-03-31 13:41:09,030 - ERROR - CRITICAL: Restricted location detected. Cannot create Binance client.
2026-03-31 13:41:09,116 - ERROR - CRITICAL: Restricted location detected. Cannot create Binance client.
2026-03-31 13:41:19,202 - ERROR - CRITICAL: Restricted location detected. Cannot create Binance client.
2026-03-31 13:41:19,286 - ERROR - CRITICAL: Restricted location detected. Cannot create Binance client.
2026-03-31 13:41:19,369 - ERROR - CRITICAL: Restricted location detected. Cannot create Binance client.
2026-03-31 13:41:19,452 - ERROR - CRITICAL: Restricted location detected. Cannot create Binance client.
2026-03-31 13:41:29,540 - ERROR - CRITICAL: Restricted location detected. Cannot create Binance client.
2026-03-31 13:41:29,627 - ERROR - CRITICAL: Restricted location detected. Cannot create Binance client.
2026-03-31 13:41:29,710 - ERROR - CRITICAL: Restricted location detected. Cannot create Binance client.
2026-03-31 13:41:29,795 - ERROR - CRITICAL: Restricted location detected. Cannot create Binance client.
2026-03-31 13:41:39,896 - ERROR - CRITICAL: Restricted location detected. Cannot create Binance client.
2026-03-31 13:41:39,980 - ERROR - CRITICAL: Restricted location detected. Cannot create Binance client.
2026-03-31 13:41:40,064 - ERROR - CRITICAL: Restricted location detected. Cannot create Binance client.
2026-03-31 13:41:40,147 - ERROR - CRITICAL: Restricted location detected. Cannot create Binance client.
2026-03-31 13:41:50,234 - ERROR - CRITICAL: Restricted location detected. Cannot create Binance client.
2026-03-31 13:41:50,321 - ERROR - CRITICAL: Restricted location detected. Cannot create Binance client.
2026-03-31 13:41:50,406 - ERROR - CRITICAL: Restricted location detected. Cannot create Binance client.
2026-03-31 13:41:50,491 - ERROR - CRITICAL: Restricted location detected. Cannot create Binance client.
2026-03-31 13:41:55,209 - INFO - Detected Server IP: 35.224.132.190
2026-03-31 13:41:55,264 - ERROR - CRITICAL: Restricted location detected. Cannot create Binance client.
2026-03-31 13:41:55,266 - ERROR - CRITICAL: Market client is unavailable. Skipping market WebSocket initialization.
2026-03-31 13:41:55,267 - WARNING - Werkzeug appears to be used in a production deployment. Consider switching to a production web server instead.
2026-03-31 13:41:55,275 - INFO - [31m[1mWARNING: This is a development server. Do not use it in a production deployment. Use a production WSGI server instead.[0m
 * Running on all addresses (0.0.0.0)
 * Running on http://127.0.0.1:3000
 * Running on http://192.168.0.2:3000
2026-03-31 13:41:55,275 - INFO - [33mPress CTRL+C to quit[0m
2026-03-31 13:41:55,350 - ERROR - CRITICAL: Restricted location detected. Cannot create Binance client.
2026-03-31 13:41:55,433 - ERROR - CRITICAL: Restricted location detected. Cannot create Binance client.
2026-03-31 13:41:55,516 - ERROR - CRITICAL: Restricted location detected. Cannot create Binance client.
2026-03-31 13:41:55,600 - ERROR - CRITICAL: Restricted location detected. Cannot create Binance client.
2026-03-31 13:41:55,603 - WARNING - Warning: Symbol DOGEUSDC not found on Binance. Please check if it is a valid USDC pair.
2026-03-31 13:41:55,603 - WARNING - Warning: Symbol SOLUSDC not found on Binance. Please check if it is a valid USDC pair.
2026-03-31 13:42:05,686 - ERROR - CRITICAL: Restricted location detected. Cannot create Binance client.
2026-03-31 13:42:05,770 - ERROR - CRITICAL: Restricted location detected. Cannot create Binance client.
2026-03-31 13:42:05,854 - ERROR - CRITICAL: Restricted location detected. Cannot create Binance client.
2026-03-31 13:42:05,938 - ERROR - CRITICAL: Restricted location detected. Cannot create Binance client.
2026-03-31 13:42:16,024 - ERROR - CRITICAL: Restricted location detected. Cannot create Binance client.
2026-03-31 13:42:16,107 - ERROR - CRITICAL: Restricted location detected. Cannot create Binance client.
2026-03-31 13:42:16,192 - ERROR - CRITICAL: Restricted location detected. Cannot create Binance client.
2026-03-31 13:42:16,276 - ERROR - CRITICAL: Restricted location detected. Cannot create Binance client.
2026-03-31 13:42:26,360 - ERROR - CRITICAL: Restricted location detected. Cannot create Binance client.
2026-03-31 13:42:26,445 - ERROR - CRITICAL: Restricted location detected. Cannot create Binance client.
2026-03-31 13:42:26,528 - ERROR - CRITICAL: Restricted location detected. Cannot create Binance client.
2026-03-31 13:42:26,611 - ERROR - CRITICAL: Restricted location detected. Cannot create Binance client.
2026-03-31 13:42:36,696 - ERROR - CRITICAL: Restricted location detected. Cannot create Binance client.
2026-03-31 13:42:36,780 - ERROR - CRITICAL: Restricted location detected. Cannot create Binance client.
2026-03-31 13:42:36,864 - ERROR - CRITICAL: Restricted location detected. Cannot create Binance client.
2026-03-31 13:42:36,948 - ERROR - CRITICAL: Restricted location detected. Cannot create Binance client.
2026-03-31 13:42:47,051 - ERROR - CRITICAL: Restricted location detected. Cannot create Binance client.
2026-03-31 13:42:47,134 - ERROR - CRITICAL: Restricted location detected. Cannot create Binance client.
2026-03-31 13:42:47,217 - ERROR - CRITICAL: Restricted location detected. Cannot create Binance client.
2026-03-31 13:42:47,300 - ERROR - CRITICAL: Restricted location detected. Cannot create Binance client.
2026-03-31 13:42:57,386 - ERROR - CRITICAL: Restricted location detected. Cannot create Binance client.
2026-03-31 13:42:57,471 - ERROR - CRITICAL: Restricted location detected. Cannot create Binance client.
2026-03-31 13:42:57,553 - ERROR - CRITICAL: Restricted location detected. Cannot create Binance client.
2026-03-31 13:42:57,636 - ERROR - CRITICAL: Restricted location detected. Cannot create Binance client.
2026-03-31 13:43:07,745 - ERROR - CRITICAL: Restricted location detected. Cannot create Binance client.
2026-03-31 13:43:07,827 - ERROR - CRITICAL: Restricted location detected. Cannot create Binance client.
2026-03-31 13:43:07,912 - ERROR - CRITICAL: Restricted location detected. Cannot create Binance client.
2026-03-31 13:43:07,996 - ERROR - CRITICAL: Restricted location detected. Cannot create Binance client.
2026-03-31 13:43:18,089 - ERROR - CRITICAL: Restricted location detected. Cannot create Binance client.
2026-03-31 13:43:18,188 - ERROR - CRITICAL: Restricted location detected. Cannot create Binance client.
2026-03-31 13:43:18,277 - ERROR - CRITICAL: Restricted location detected. Cannot create Binance client.
2026-03-31 13:43:18,366 - ERROR - CRITICAL: Restricted location detected. Cannot create Binance client.
2026-03-31 13:43:20,339 - INFO - 127.0.0.1 - - [31/Mar/2026 13:43:20] "GET / HTTP/1.1" 200 -
2026-03-31 13:43:20,410 - INFO - 127.0.0.1 - - [31/Mar/2026 13:43:20] "GET /static/js/app.js HTTP/1.1" 200 -
2026-03-31 13:43:20,410 - INFO - 127.0.0.1 - - [31/Mar/2026 13:43:20] "GET /static/css/style.css HTTP/1.1" 200 -
2026-03-31 13:43:20,823 - INFO - 127.0.0.1 - - [31/Mar/2026 13:43:20] "GET /socket.io/?EIO=4&transport=polling&t=Pr48c_Z HTTP/1.1" 200 -
2026-03-31 13:43:20,858 - INFO - 127.0.0.1 - - [31/Mar/2026 13:43:20] "POST /socket.io/?EIO=4&transport=polling&t=Pr48d0F&sid=KL7u-yzty48GhCiTAAAA HTTP/1.1" 200 -
2026-03-31 13:43:20,864 - INFO - 127.0.0.1 - - [31/Mar/2026 13:43:20] "GET /socket.io/?EIO=4&transport=polling&t=Pr48d0O&sid=KL7u-yzty48GhCiTAAAA HTTP/1.1" 200 -
2026-03-31 13:43:20,890 - INFO - 127.0.0.1 - - [31/Mar/2026 13:43:20] "GET /socket.io/?EIO=4&transport=polling&t=Pr48d0p&sid=KL7u-yzty48GhCiTAAAA HTTP/1.1" 200 -
2026-03-31 13:43:20,907 - INFO - 127.0.0.1 - - [31/Mar/2026 13:43:20] "POST /socket.io/?EIO=4&transport=polling&t=Pr48d0z&sid=KL7u-yzty48GhCiTAAAA HTTP/1.1" 200 -
2026-03-31 13:43:20,920 - INFO - 127.0.0.1 - - [31/Mar/2026 13:43:20] "GET /socket.io/?EIO=4&transport=polling&t=Pr48d1I&sid=KL7u-yzty48GhCiTAAAA HTTP/1.1" 200 -
2026-03-31 13:43:26,581 - INFO - 127.0.0.1 - - [31/Mar/2026 13:43:26] "GET /socket.io/?EIO=4&transport=websocket&sid=KL7u-yzty48GhCiTAAAA HTTP/1.1" 200 -
2026-03-31 13:43:28,452 - ERROR - CRITICAL: Restricted location detected. Cannot create Binance client.
2026-03-31 13:43:28,537 - ERROR - CRITICAL: Restricted location detected. Cannot create Binance client.
2026-03-31 13:43:28,619 - ERROR - CRITICAL: Restricted location detected. Cannot create Binance client.
2026-03-31 13:43:28,704 - ERROR - CRITICAL: Restricted location detected. Cannot create Binance client.
2026-03-31 13:43:38,790 - ERROR - CRITICAL: Restricted location detected. Cannot create Binance client.
2026-03-31 13:43:38,875 - ERROR - CRITICAL: Restricted location detected. Cannot create Binance client.
2026-03-31 13:43:38,960 - ERROR - CRITICAL: Restricted location detected. Cannot create Binance client.
2026-03-31 13:43:39,042 - ERROR - CRITICAL: Restricted location detected. Cannot create Binance client.
2026-03-31 13:43:49,143 - ERROR - CRITICAL: Restricted location detected. Cannot create Binance client.
2026-03-31 13:43:49,226 - ERROR - CRITICAL: Restricted location detected. Cannot create Binance client.
2026-03-31 13:43:49,308 - ERROR - CRITICAL: Restricted location detected. Cannot create Binance client.
2026-03-31 13:43:49,391 - ERROR - CRITICAL: Restricted location detected. Cannot create Binance client.
2026-03-31 13:43:59,476 - ERROR - CRITICAL: Restricted location detected. Cannot create Binance client.
2026-03-31 13:43:59,560 - ERROR - CRITICAL: Restricted location detected. Cannot create Binance client.
2026-03-31 13:43:59,644 - ERROR - CRITICAL: Restricted location detected. Cannot create Binance client.
2026-03-31 13:43:59,728 - ERROR - CRITICAL: Restricted location detected. Cannot create Binance client.
2026-03-31 13:44:09,812 - ERROR - CRITICAL: Restricted location detected. Cannot create Binance client.
2026-03-31 13:44:09,896 - ERROR - CRITICAL: Restricted location detected. Cannot create Binance client.
2026-03-31 13:44:09,981 - ERROR - CRITICAL: Restricted location detected. Cannot create Binance client.
2026-03-31 13:44:10,064 - ERROR - CRITICAL: Restricted location detected. Cannot create Binance client.
2026-03-31 13:44:20,150 - ERROR - CRITICAL: Restricted location detected. Cannot create Binance client.
2026-03-31 13:44:20,233 - ERROR - CRITICAL: Restricted location detected. Cannot create Binance client.
2026-03-31 13:44:20,316 - ERROR - CRITICAL: Restricted location detected. Cannot create Binance client.
2026-03-31 13:44:20,402 - ERROR - CRITICAL: Restricted location detected. Cannot create Binance client.
2026-03-31 13:44:30,486 - ERROR - CRITICAL: Restricted location detected. Cannot create Binance client.
2026-03-31 13:44:30,571 - ERROR - CRITICAL: Restricted location detected. Cannot create Binance client.
2026-03-31 13:44:30,653 - ERROR - CRITICAL: Restricted location detected. Cannot create Binance client.
2026-03-31 13:44:30,736 - ERROR - CRITICAL: Restricted location detected. Cannot create Binance client.
2026-03-31 13:44:40,823 - ERROR - CRITICAL: Restricted location detected. Cannot create Binance client.
2026-03-31 13:44:40,905 - ERROR - CRITICAL: Restricted location detected. Cannot create Binance client.
2026-03-31 13:44:40,988 - ERROR - CRITICAL: Restricted location detected. Cannot create Binance client.
2026-03-31 13:44:41,072 - ERROR - CRITICAL: Restricted location detected. Cannot create Binance client.
2026-03-31 13:44:51,173 - ERROR - CRITICAL: Restricted location detected. Cannot create Binance client.
2026-03-31 13:44:51,256 - ERROR - CRITICAL: Restricted location detected. Cannot create Binance client.
2026-03-31 13:44:51,343 - ERROR - CRITICAL: Restricted location detected. Cannot create Binance client.
2026-03-31 13:44:51,429 - ERROR - CRITICAL: Restricted location detected. Cannot create Binance client.
2026-03-31 13:45:01,511 - ERROR - CRITICAL: Restricted location detected. Cannot create Binance client.
2026-03-31 13:45:01,590 - ERROR - CRITICAL: Restricted location detected. Cannot create Binance client.
2026-03-31 13:45:01,671 - ERROR - CRITICAL: Restricted location detected. Cannot create Binance client.
2026-03-31 13:45:01,752 - ERROR - CRITICAL: Restricted location detected. Cannot create Binance client.
2026-03-31 13:45:11,834 - ERROR - CRITICAL: Restricted location detected. Cannot create Binance client.
2026-03-31 13:45:11,916 - ERROR - CRITICAL: Restricted location detected. Cannot create Binance client.
2026-03-31 13:45:12,000 - ERROR - CRITICAL: Restricted location detected. Cannot create Binance client.
2026-03-31 13:45:12,081 - ERROR - CRITICAL: Restricted location detected. Cannot create Binance client.
2026-03-31 13:45:22,161 - ERROR - CRITICAL: Restricted location detected. Cannot create Binance client.
2026-03-31 13:45:22,244 - ERROR - CRITICAL: Restricted location detected. Cannot create Binance client.
2026-03-31 13:45:22,326 - ERROR - CRITICAL: Restricted location detected. Cannot create Binance client.
2026-03-31 13:45:22,465 - ERROR - CRITICAL: Restricted location detected. Cannot create Binance client.
2026-03-31 13:45:32,550 - ERROR - CRITICAL: Restricted location detected. Cannot create Binance client.
2026-03-31 13:45:32,636 - ERROR - CRITICAL: Restricted location detected. Cannot create Binance client.
2026-03-31 13:45:32,719 - ERROR - CRITICAL: Restricted location detected. Cannot create Binance client.
2026-03-31 13:45:32,805 - ERROR - CRITICAL: Restricted location detected. Cannot create Binance client.
2026-03-31 13:45:42,889 - ERROR - CRITICAL: Restricted location detected. Cannot create Binance client.
2026-03-31 13:45:42,973 - ERROR - CRITICAL: Restricted location detected. Cannot create Binance client.
2026-03-31 13:45:43,059 - ERROR - CRITICAL: Restricted location detected. Cannot create Binance client.
2026-03-31 13:45:43,144 - ERROR - CRITICAL: Restricted location detected. Cannot create Binance client.
2026-03-31 13:45:53,244 - ERROR - CRITICAL: Restricted location detected. Cannot create Binance client.
2026-03-31 13:45:53,323 - ERROR - CRITICAL: Restricted location detected. Cannot create Binance client.
2026-03-31 13:45:53,404 - ERROR - CRITICAL: Restricted location detected. Cannot create Binance client.
2026-03-31 13:45:53,483 - ERROR - CRITICAL: Restricted location detected. Cannot create Binance client.
2026-03-31 13:46:03,566 - ERROR - CRITICAL: Restricted location detected. Cannot create Binance client.
2026-03-31 13:46:03,649 - ERROR - CRITICAL: Restricted location detected. Cannot create Binance client.
2026-03-31 13:46:03,730 - ERROR - CRITICAL: Restricted location detected. Cannot create Binance client.
2026-03-31 13:46:03,813 - ERROR - CRITICAL: Restricted location detected. Cannot create Binance client.
2026-03-31 13:46:13,894 - ERROR - CRITICAL: Restricted location detected. Cannot create Binance client.
2026-03-31 13:46:13,975 - ERROR - CRITICAL: Restricted location detected. Cannot create Binance client.
2026-03-31 13:46:14,057 - ERROR - CRITICAL: Restricted location detected. Cannot create Binance client.
2026-03-31 13:46:14,139 - ERROR - CRITICAL: Restricted location detected. Cannot create Binance client.
2026-03-31 13:46:24,223 - ERROR - CRITICAL: Restricted location detected. Cannot create Binance client.
2026-03-31 13:46:24,304 - ERROR - CRITICAL: Restricted location detected. Cannot create Binance client.
2026-03-31 13:46:24,388 - ERROR - CRITICAL: Restricted location detected. Cannot create Binance client.
2026-03-31 13:46:24,467 - ERROR - CRITICAL: Restricted location detected. Cannot create Binance client.
2026-03-31 13:46:34,552 - ERROR - CRITICAL: Restricted location detected. Cannot create Binance client.
2026-03-31 13:46:34,633 - ERROR - CRITICAL: Restricted location detected. Cannot create Binance client.
2026-03-31 13:46:34,714 - ERROR - CRITICAL: Restricted location detected. Cannot create Binance client.
2026-03-31 13:46:34,796 - ERROR - CRITICAL: Restricted location detected. Cannot create Binance client.
2026-03-31 13:46:45,002 - ERROR - CRITICAL: Restricted location detected. Cannot create Binance client.
2026-03-31 13:46:45,107 - ERROR - CRITICAL: Restricted location detected. Cannot create Binance client.
2026-03-31 13:46:45,190 - ERROR - CRITICAL: Restricted location detected. Cannot create Binance client.
2026-03-31 13:46:45,315 - ERROR - CRITICAL: Restricted location detected. Cannot create Binance client.
2026-03-31 13:46:55,450 - ERROR - CRITICAL: Restricted location detected. Cannot create Binance client.
2026-03-31 13:46:55,566 - ERROR - CRITICAL: Restricted location detected. Cannot create Binance client.
2026-03-31 13:46:55,685 - ERROR - CRITICAL: Restricted location detected. Cannot create Binance client.
2026-03-31 13:46:55,804 - ERROR - CRITICAL: Restricted location detected. Cannot create Binance client.
2026-03-31 13:46:55,806 - WARNING - Warning: Symbol DOGEUSDC not found on Binance. Please check if it is a valid USDC pair.
2026-03-31 13:46:55,807 - WARNING - Warning: Symbol SOLUSDC not found on Binance. Please check if it is a valid USDC pair.
2026-03-31 13:47:05,891 - ERROR - CRITICAL: Restricted location detected. Cannot create Binance client.
2026-03-31 13:47:05,973 - ERROR - CRITICAL: Restricted location detected. Cannot create Binance client.
2026-03-31 13:47:06,058 - ERROR - CRITICAL: Restricted location detected. Cannot create Binance client.
2026-03-31 13:47:06,145 - ERROR - CRITICAL: Restricted location detected. Cannot create Binance client.
2026-03-31 13:47:16,234 - ERROR - CRITICAL: Restricted location detected. Cannot create Binance client.
2026-03-31 13:47:16,320 - ERROR - CRITICAL: Restricted location detected. Cannot create Binance client.
2026-03-31 13:47:16,409 - ERROR - CRITICAL: Restricted location detected. Cannot create Binance client.
2026-03-31 13:47:16,493 - ERROR - CRITICAL: Restricted location detected. Cannot create Binance client.
2026-03-31 13:47:26,653 - ERROR - CRITICAL: Restricted location detected. Cannot create Binance client.
2026-03-31 13:47:26,790 - ERROR - CRITICAL: Restricted location detected. Cannot create Binance client.
2026-03-31 13:47:26,915 - ERROR - CRITICAL: Restricted location detected. Cannot create Binance client.
2026-03-31 13:47:27,027 - ERROR - CRITICAL: Restricted location detected. Cannot create Binance client.
2026-03-31 13:47:37,117 - ERROR - CRITICAL: Restricted location detected. Cannot create Binance client.
2026-03-31 13:47:37,201 - ERROR - CRITICAL: Restricted location detected. Cannot create Binance client.
2026-03-31 13:47:37,288 - ERROR - CRITICAL: Restricted location detected. Cannot create Binance client.
2026-03-31 13:47:37,373 - ERROR - CRITICAL: Restricted location detected. Cannot create Binance client.
2026-03-31 13:47:47,460 - ERROR - CRITICAL: Restricted location detected. Cannot create Binance client.
2026-03-31 13:47:47,545 - ERROR - CRITICAL: Restricted location detected. Cannot create Binance client.
2026-03-31 13:47:47,629 - ERROR - CRITICAL: Restricted location detected. Cannot create Binance client.
2026-03-31 13:47:47,713 - ERROR - CRITICAL: Restricted location detected. Cannot create Binance client.
2026-03-31 13:47:57,814 - ERROR - CRITICAL: Restricted location detected. Cannot create Binance client.
2026-03-31 13:47:57,897 - ERROR - CRITICAL: Restricted location detected. Cannot create Binance client.
2026-03-31 13:47:57,982 - ERROR - CRITICAL: Restricted location detected. Cannot create Binance client.
2026-03-31 13:47:58,066 - ERROR - CRITICAL: Restricted location detected. Cannot create Binance client.
2026-03-31 13:48:08,150 - ERROR - CRITICAL: Restricted location detected. Cannot create Binance client.
2026-03-31 13:48:08,232 - ERROR - CRITICAL: Restricted location detected. Cannot create Binance client.
2026-03-31 13:48:08,315 - ERROR - CRITICAL: Restricted location detected. Cannot create Binance client.
2026-03-31 13:48:08,399 - ERROR - CRITICAL: Restricted location detected. Cannot create Binance client.
2026-03-31 13:48:18,485 - ERROR - CRITICAL: Restricted location detected. Cannot create Binance client.
2026-03-31 13:48:18,574 - ERROR - CRITICAL: Restricted location detected. Cannot create Binance client.
2026-03-31 13:48:18,683 - ERROR - CRITICAL: Restricted location detected. Cannot create Binance client.
2026-03-31 13:48:18,771 - ERROR - CRITICAL: Restricted location detected. Cannot create Binance client.
2026-03-31 13:48:28,857 - ERROR - CRITICAL: Restricted location detected. Cannot create Binance client.
2026-03-31 13:48:28,943 - ERROR - CRITICAL: Restricted location detected. Cannot create Binance client.
2026-03-31 13:48:29,027 - ERROR - CRITICAL: Restricted location detected. Cannot create Binance client.
2026-03-31 13:48:29,110 - ERROR - CRITICAL: Restricted location detected. Cannot create Binance client.
2026-03-31 13:48:39,197 - ERROR - CRITICAL: Restricted location detected. Cannot create Binance client.
2026-03-31 13:48:39,281 - ERROR - CRITICAL: Restricted location detected. Cannot create Binance client.
2026-03-31 13:48:39,366 - ERROR - CRITICAL: Restricted location detected. Cannot create Binance client.
2026-03-31 13:48:39,449 - ERROR - CRITICAL: Restricted location detected. Cannot create Binance client.
2026-03-31 13:48:49,536 - ERROR - CRITICAL: Restricted location detected. Cannot create Binance client.
2026-03-31 13:48:49,623 - ERROR - CRITICAL: Restricted location detected. Cannot create Binance client.
2026-03-31 13:48:49,707 - ERROR - CRITICAL: Restricted location detected. Cannot create Binance client.
2026-03-31 13:48:49,792 - ERROR - CRITICAL: Restricted location detected. Cannot create Binance client.
2026-03-31 13:48:55,008 - ERROR - CRITICAL: Restricted location detected. Cannot create Binance client.
2026-03-31 13:48:55,010 - ERROR - CRITICAL: Market client is unavailable. Skipping market WebSocket initialization.
2026-03-31 13:48:55,012 - WARNING - Werkzeug appears to be used in a production deployment. Consider switching to a production web server instead.
2026-03-31 13:48:55,018 - INFO - [31m[1mWARNING: This is a development server. Do not use it in a production deployment. Use a production WSGI server instead.[0m
 * Running on all addresses (0.0.0.0)
 * Running on http://127.0.0.1:3000
 * Running on http://192.168.0.2:3000
2026-03-31 13:48:55,018 - INFO - [33mPress CTRL+C to quit[0m
2026-03-31 13:48:55,095 - ERROR - CRITICAL: Restricted location detected. Cannot create Binance client.
2026-03-31 13:48:55,102 - INFO - Detected Server IP: 35.224.132.190
2026-03-31 13:48:55,178 - ERROR - CRITICAL: Restricted location detected. Cannot create Binance client.
2026-03-31 13:48:55,261 - ERROR - CRITICAL: Restricted location detected. Cannot create Binance client.
2026-03-31 13:48:55,342 - ERROR - CRITICAL: Restricted location detected. Cannot create Binance client.
2026-03-31 13:48:55,344 - WARNING - Warning: Symbol DOGEUSDC not found on Binance. Please check if it is a valid USDC pair.
2026-03-31 13:48:55,344 - WARNING - Warning: Symbol SOLUSDC not found on Binance. Please check if it is a valid USDC pair.
2026-03-31 13:49:05,443 - ERROR - CRITICAL: Restricted location detected. Cannot create Binance client.
2026-03-31 13:49:05,526 - ERROR - CRITICAL: Restricted location detected. Cannot create Binance client.
2026-03-31 13:49:05,611 - ERROR - CRITICAL: Restricted location detected. Cannot create Binance client.
2026-03-31 13:49:05,695 - ERROR - CRITICAL: Restricted location detected. Cannot create Binance client.
2026-03-31 13:49:15,780 - ERROR - CRITICAL: Restricted location detected. Cannot create Binance client.
2026-03-31 13:49:15,865 - ERROR - CRITICAL: Restricted location detected. Cannot create Binance client.
2026-03-31 13:49:15,950 - ERROR - CRITICAL: Restricted location detected. Cannot create Binance client.
2026-03-31 13:49:16,035 - ERROR - CRITICAL: Restricted location detected. Cannot create Binance client.
2026-03-31 13:49:26,119 - ERROR - CRITICAL: Restricted location detected. Cannot create Binance client.
2026-03-31 13:49:26,203 - ERROR - CRITICAL: Restricted location detected. Cannot create Binance client.
2026-03-31 13:49:26,287 - ERROR - CRITICAL: Restricted location detected. Cannot create Binance client.
2026-03-31 13:49:26,371 - ERROR - CRITICAL: Restricted location detected. Cannot create Binance client.
2026-03-31 13:49:36,458 - ERROR - CRITICAL: Restricted location detected. Cannot create Binance client.
2026-03-31 13:49:36,546 - ERROR - CRITICAL: Restricted location detected. Cannot create Binance client.
2026-03-31 13:49:36,632 - ERROR - CRITICAL: Restricted location detected. Cannot create Binance client.
2026-03-31 13:49:36,720 - ERROR - CRITICAL: Restricted location detected. Cannot create Binance client.
2026-03-31 13:49:46,806 - ERROR - CRITICAL: Restricted location detected. Cannot create Binance client.
2026-03-31 13:49:46,889 - ERROR - CRITICAL: Restricted location detected. Cannot create Binance client.
2026-03-31 13:49:46,973 - ERROR - CRITICAL: Restricted location detected. Cannot create Binance client.
2026-03-31 13:49:47,056 - ERROR - CRITICAL: Restricted location detected. Cannot create Binance client.
2026-03-31 13:49:57,143 - ERROR - CRITICAL: Restricted location detected. Cannot create Binance client.
2026-03-31 13:49:57,229 - ERROR - CRITICAL: Restricted location detected. Cannot create Binance client.
2026-03-31 13:49:57,313 - ERROR - CRITICAL: Restricted location detected. Cannot create Binance client.
2026-03-31 13:49:57,399 - ERROR - CRITICAL: Restricted location detected. Cannot create Binance client.
2026-03-31 13:50:07,501 - ERROR - CRITICAL: Restricted location detected. Cannot create Binance client.
2026-03-31 13:50:07,585 - ERROR - CRITICAL: Restricted location detected. Cannot create Binance client.
2026-03-31 13:50:07,668 - ERROR - CRITICAL: Restricted location detected. Cannot create Binance client.
2026-03-31 13:50:07,753 - ERROR - CRITICAL: Restricted location detected. Cannot create Binance client.
2026-03-31 13:50:17,840 - ERROR - CRITICAL: Restricted location detected. Cannot create Binance client.
2026-03-31 13:50:17,924 - ERROR - CRITICAL: Restricted location detected. Cannot create Binance client.
2026-03-31 13:50:18,010 - ERROR - CRITICAL: Restricted location detected. Cannot create Binance client.
2026-03-31 13:50:18,095 - ERROR - CRITICAL: Restricted location detected. Cannot create Binance client.
2026-03-31 13:50:28,182 - ERROR - CRITICAL: Restricted location detected. Cannot create Binance client.
2026-03-31 13:50:28,268 - ERROR - CRITICAL: Restricted location detected. Cannot create Binance client.
2026-03-31 13:50:28,355 - ERROR - CRITICAL: Restricted location detected. Cannot create Binance client.
2026-03-31 13:50:28,439 - ERROR - CRITICAL: Restricted location detected. Cannot create Binance client.
2026-03-31 13:50:38,526 - ERROR - CRITICAL: Restricted location detected. Cannot create Binance client.
2026-03-31 13:50:38,611 - ERROR - CRITICAL: Restricted location detected. Cannot create Binance client.
2026-03-31 13:50:38,695 - ERROR - CRITICAL: Restricted location detected. Cannot create Binance client.
2026-03-31 13:50:38,779 - ERROR - CRITICAL: Restricted location detected. Cannot create Binance client.
2026-03-31 13:50:48,869 - ERROR - CRITICAL: Restricted location detected. Cannot create Binance client.
2026-03-31 13:50:48,953 - ERROR - CRITICAL: Restricted location detected. Cannot create Binance client.
2026-03-31 13:50:49,039 - ERROR - CRITICAL: Restricted location detected. Cannot create Binance client.
2026-03-31 13:50:49,122 - ERROR - CRITICAL: Restricted location detected. Cannot create Binance client.
2026-03-31 13:50:59,207 - ERROR - CRITICAL: Restricted location detected. Cannot create Binance client.
2026-03-31 13:50:59,290 - ERROR - CRITICAL: Restricted location detected. Cannot create Binance client.
2026-03-31 13:50:59,374 - ERROR - CRITICAL: Restricted location detected. Cannot create Binance client.
2026-03-31 13:50:59,457 - ERROR - CRITICAL: Restricted location detected. Cannot create Binance client.
